2016-08-23 16:53:25,810 This one was in strange_links. I cannot parse it properly
2016-08-23 16:53:25,820  
2016-08-23 16:53:29,852 Duplicate PN NM-CEM-4SER
2016-08-23 16:53:29,852 Stored doc url :https://www.cisco.com/c/en/us/products/collateral/interfaces-modules/network-modules/eol_c51_561543.html
2016-08-23 16:53:29,852 Document date(stored):2015-03-13 00:00:00
2016-08-23 16:53:29,852 Document date(new): 2015-03-13 00:00:00
2016-08-23 16:53:29,852 Stored document is older. Updating
2016-08-23 16:53:29,852 Duplicate PN NM-CEM-4SER=
2016-08-23 16:53:29,852 Stored doc url :https://www.cisco.com/c/en/us/products/collateral/interfaces-modules/network-modules/eol_c51_561543.html
2016-08-23 16:53:29,852 Document date(stored):2015-03-13 00:00:00
2016-08-23 16:53:29,852 Document date(new): 2015-03-13 00:00:00
2016-08-23 16:53:29,852 Stored document is older. Updating
2016-08-23 16:53:29,852 Duplicate PN NM-CEM-4TE1
2016-08-23 16:53:29,852 Stored doc url :https://www.cisco.com/c/en/us/products/collateral/interfaces-modules/network-modules/eol_c51_561543.html
2016-08-23 16:53:29,862 Document date(stored):2015-03-13 00:00:00
2016-08-23 16:53:29,862 Document date(new): 2015-03-13 00:00:00
2016-08-23 16:53:29,862 Stored document is older. Updating
2016-08-23 16:53:29,862 Duplicate PN NM-CEM-4TE1=
2016-08-23 16:53:29,862 Stored doc url :https://www.cisco.com/c/en/us/products/collateral/interfaces-modules/network-modules/eol_c51_561543.html
2016-08-23 16:53:29,862 Document date(stored):2015-03-13 00:00:00
2016-08-23 16:53:29,862 Document date(new): 2015-03-13 00:00:00
2016-08-23 16:53:29,862 Stored document is older. Updating
2016-08-23 16:53:31,362 This one was in strange_links. I cannot parse it properly
2016-08-23 16:53:31,372  
2016-08-23 16:53:43,217 This one was in strange_links. I cannot parse it properly
2016-08-23 16:53:43,217  
2016-08-23 16:53:46,687 Cant parse dates
2016-08-23 16:53:46,687 url:https://www.cisco.com/c/en/us/products/collateral/interfaces-modules/port-adapters/prod_end-of-life_notice0900aecd80294b2a.html
2016-08-23 16:53:51,788 Cant parse dates
2016-08-23 16:53:51,788 url:https://www.cisco.com/c/en/us/products/collateral/interfaces-modules/port-adapters/prod_end-of-life_notice0900aecd802958b6.html
2016-08-23 16:53:52,208 Cant parse dates
2016-08-23 16:53:52,208 url:https://www.cisco.com/c/en/us/products/collateral/interfaces-modules/port-adapters/prod_end-of-life_notice0900aecd80294ae4.html
2016-08-23 16:53:52,638 Duplicate PN PA-A3-E3
2016-08-23 16:53:52,638 Stored doc url :https://www.cisco.com/c/en/us/products/collateral/interfaces-modules/port-adapters/prod_end-of-life_notice0900aecd806cab5a.html
2016-08-23 16:53:52,638 Document date(stored):2007-09-17 00:00:00
2016-08-23 16:53:52,638 Document date(new): 2006-03-23 00:00:00
2016-08-23 16:53:52,638 Stored document is newer. Sciping new values
2016-08-23 16:53:52,648 Duplicate PN PA-A3-OC3MM
2016-08-23 16:53:52,648 Stored doc url :https://www.cisco.com/c/en/us/products/collateral/interfaces-modules/port-adapters/prod_end-of-life_notice0900aecd806cab5a.html
2016-08-23 16:53:52,648 Document date(stored):2007-09-17 00:00:00
2016-08-23 16:53:52,648 Document date(new): 2006-03-23 00:00:00
2016-08-23 16:53:52,648 Stored document is newer. Sciping new values
2016-08-23 16:53:52,648 Duplicate PN PA-A3-OC3SMI
2016-08-23 16:53:52,648 Stored doc url :https://www.cisco.com/c/en/us/products/collateral/interfaces-modules/port-adapters/prod_end-of-life_notice0900aecd806cab5a.html
2016-08-23 16:53:52,648 Document date(stored):2007-09-17 00:00:00
2016-08-23 16:53:52,648 Document date(new): 2006-03-23 00:00:00
2016-08-23 16:53:52,658 Stored document is newer. Sciping new values
2016-08-23 16:53:52,658 Duplicate PN PA-A3-OC3SML
2016-08-23 16:53:52,658 Stored doc url :https://www.cisco.com/c/en/us/products/collateral/interfaces-modules/port-adapters/prod_end-of-life_notice0900aecd806cab5a.html
2016-08-23 16:53:52,658 Document date(stored):2007-09-17 00:00:00
2016-08-23 16:53:52,658 Document date(new): 2006-03-23 00:00:00
2016-08-23 16:53:52,658 Stored document is newer. Sciping new values
2016-08-23 16:53:52,658 Duplicate PN PA-A3-T3
2016-08-23 16:53:52,658 Stored doc url :https://www.cisco.com/c/en/us/products/collateral/interfaces-modules/port-adapters/prod_end-of-life_notice0900aecd806cab5a.html
2016-08-23 16:53:52,658 Document date(stored):2007-09-17 00:00:00
2016-08-23 16:53:52,658 Document date(new): 2006-03-23 00:00:00
2016-08-23 16:53:52,658 Stored document is newer. Sciping new values
2016-08-23 16:54:29,166 Duplicate PN SC-SVC-NAM-3.1
2016-08-23 16:54:29,166 Stored doc url :https://www.cisco.com/c/en/us/products/collateral/interfaces-modules/catalyst-6500-series-network-analysis-module-nam-1-nam-2/end_of_life_notice_c51-625482.html
2016-08-23 16:54:29,166 Document date(stored):2015-03-13 00:00:00
2016-08-23 16:54:29,166 Document date(new): 2005-01-04 00:00:00
2016-08-23 16:54:29,166 Stored document is newer. Sciping new values
2016-08-23 16:54:30,056 cant open url https://www.cisco.com/c/dam/en/us/products/collateral/interfaces-modules/catalyst-6500-series-intrusion-detection-system-idsm-1-services-module/prod_end-of-life_notice0900aecd80098567.pdf Skiping
2016-08-23 16:55:06,879 Duplicate PN DS-C9513-2K9
2016-08-23 16:55:06,879 Stored doc url :https://www.cisco.com/c/en/us/products/collateral/interfaces-modules/storage-networking-modules/end_of_life_notice_c51-514383.html
2016-08-23 16:55:06,879 Document date(stored):2009-04-08 00:00:00
2016-08-23 16:55:06,879 Document date(new): 2011-02-10 00:00:00
2016-08-23 16:55:06,879 Stored document is older. Updating
2016-08-23 16:55:31,913 Cant parse dates
2016-08-23 16:55:31,915 url:https://www.cisco.com/c/en/us/products/collateral/interfaces-modules/versatile-interface-processors/prod_end-of-life_notice0900aecd80294b76.html
2016-08-23 16:55:32,457 Cant parse dates
2016-08-23 16:55:32,458 url:https://www.cisco.com/c/en/us/products/collateral/interfaces-modules/versatile-interface-processors/prod_end-of-life_notice0900aecd80294b5d.html
2016-08-23 16:55:43,845 Cant parse dates
2016-08-23 16:55:43,845 url:https://www.cisco.com/c/en/us/products/collateral/routers/3900-series-integrated-services-routers-isr/end-of-life-notice-c51-729829.html
2016-08-23 16:55:44,235 Cant parse dates
2016-08-23 16:55:44,235 url:https://www.cisco.com/c/en/us/products/collateral/routers/3900-series-integrated-services-routers-isr/end-of-life-notice-c51-729828.html
2016-08-23 16:55:52,342 This one was in strange_links. I cannot parse it properly
2016-08-23 16:55:52,342  
2016-08-23 16:55:52,452 This one was in strange_links. I cannot parse it properly
2016-08-23 16:55:52,452  
2016-08-23 16:55:54,102 This one was in strange_links. I cannot parse it properly
2016-08-23 16:55:54,102  
2016-08-23 16:55:54,292 Cant parse dates
2016-08-23 16:55:54,292 url:https://www.cisco.com/c/en/us/products/collateral/interfaces-modules/port-adapters/prod_end-of-life_notice0900aecd80294b2a.html
2016-08-23 16:55:54,493 Cant parse dates
2016-08-23 16:55:54,493 url:https://www.cisco.com/c/en/us/products/collateral/interfaces-modules/port-adapters/prod_end-of-life_notice0900aecd802958b6.html
2016-08-23 16:55:54,673 Cant parse dates
2016-08-23 16:55:54,673 url:https://www.cisco.com/c/en/us/products/collateral/interfaces-modules/port-adapters/prod_end-of-life_notice0900aecd80294ae4.html
2016-08-23 16:55:57,434 cant open url https://www.cisco.com/c/dam/en/us/products/collateral/interfaces-modules/catalyst-6500-series-intrusion-detection-system-idsm-1-services-module/prod_end-of-life_notice0900aecd80098567.pdf Skiping
2016-08-23 16:56:03,662 Cant parse dates
2016-08-23 16:56:03,662 url:https://www.cisco.com/c/en/us/products/collateral/interfaces-modules/versatile-interface-processors/prod_end-of-life_notice0900aecd80294b76.html
2016-08-23 16:56:03,922 Cant parse dates
2016-08-23 16:56:03,922 url:https://www.cisco.com/c/en/us/products/collateral/interfaces-modules/versatile-interface-processors/prod_end-of-life_notice0900aecd80294b5d.html
2016-08-23 16:56:04,756 Cant parse dates
2016-08-23 16:56:04,756 url:https://www.cisco.com/c/en/us/products/collateral/routers/3900-series-integrated-services-routers-isr/end-of-life-notice-c51-729829.html
2016-08-23 16:56:04,996 Cant parse dates
2016-08-23 16:56:04,996 url:https://www.cisco.com/c/en/us/products/collateral/routers/3900-series-integrated-services-routers-isr/end-of-life-notice-c51-729828.html
