Cant find table with devices
url: http://www.cisco.com/c/en/us/products/collateral/routers/800-series-routers/eos-eol-notice-c51-734171.html

Cant find table with devices
url: http://www.cisco.com/c/en/us/products/collateral/routers/1800-series-integrated-services-routers-isr/qa_c67-631674.html

Cant find table with devices
url: http://www.cisco.com/c/en/us/products/collateral/routers/1800-series-integrated-services-routers-isr/end_of_life_notice_c51-713999.html

Cant find table with devices
url: http://www.cisco.com/c/en/us/products/collateral/routers/1800-series-integrated-services-routers-isr/qa_c67-631674.html

Cant find table with devices
url: http://www.cisco.com/c/en/us/products/collateral/routers/1800-series-integrated-services-routers-isr/qa_c67-631674.html

Cant find table with devices
url: http://www.cisco.com/c/en/us/products/collateral/routers/asr-1000-series-aggregation-services-routers/eos-eol-notice-c51-737081.html

Cant find table with devices
url: http://www.cisco.com/c/en/us/products/collateral/routers/asr-1000-series-aggregation-services-routers/eos-eol-notice-c51-736431.html

Cant find table with devices
url: http://www.cisco.com/c/en/us/products/collateral/routers/7304-router/prod_end-of-life_notice0900aecd80481a49.html

Cant find table with devices
url: http://www.cisco.com/c/en/us/products/collateral/routers/7500-series-routers/prod_end-of-life_notice0900aecd80105ed6.html

Cant find table with devices
url: http://www.cisco.com/c/en/us/products/collateral/routers/7500-series-routers/prod_end-of-life_notice09186a0080113d2f.html

Cant find table with devices
url: http://www.cisco.com/c/en/us/products/collateral/routers/7600-series-routers/eos-eol-notice-c51-736652.html

Cant find table with devices
url: http://www.cisco.com/c/en/us/products/collateral/routers/7600-series-routers/eos-eol-notice-c51-735575.html

Cant find table with devices
url: http://www.cisco.com/c/en/us/products/collateral/routers/7600-series-routers/eos-eol-notice-c51-735519.html

Cant find table with devices
url: http://www.cisco.com/c/en/us/products/collateral/routers/7600-series-routers/eos-eol-notice-c51-734314.html

Cant find table with devices
url: http://www.cisco.com/c/en/us/products/collateral/routers/7600-series-routers/end_of_life_notice_c51-729277.html

Cant find table with devices
url: http://www.cisco.com/c/en/us/products/collateral/routers/7600-series-routers/end_of_life_c51-680823.html

Cant find table with devices
url: http://www.cisco.com/c/en/us/products/collateral/routers/7600-series-routers/eos-eol-notice-c51-734158.html

Cant find table with devices
url: http://www.cisco.com/c/en/us/products/collateral/routers/7600-series-routers/eos-eol-notice-c51-733555.html

Cant find table with devices
url: http://www.cisco.com/c/en/us/products/collateral/routers/7600-series-routers/eos-eol-notice-c51-732960.html

Cant find table with devices
url: http://www.cisco.com/c/en/us/products/collateral/routers/7600-series-routers/eos-eol-notice-c51-731089.html

Cant find table with devices
url: http://www.cisco.com/c/en/us/products/collateral/routers/12000-series-routers/eol_c51-716759.html

Cant find table with devices
url: http://www.cisco.com/c/en/us/products/collateral/routers/asr-903-series-aggregation-services-routers/eos-eol-notice-c51-737190.html

Cant find table with devices
url: http://www.cisco.com/c/en/us/products/collateral/routers/asr-903-series-aggregation-services-routers/eos-eol-notice-c51-736336.html

Cant find table with devices
url: http://www.cisco.com/c/en/us/products/collateral/routers/asr-903-series-aggregation-services-routers/eos-eol-notice-c51-734758.html

Cant find table with devices
url: http://www.cisco.com/c/en/us/products/collateral/routers/asr-903-series-aggregation-services-routers/eos-eol-notice-c51-731424.html

Cant find table with devices
url: http://www.cisco.com/c/en/us/products/collateral/routers/asr-903-series-aggregation-services-routers/eos-eol-notice-c51-734224.html

Cant find table with devices
url: http://www.cisco.com/c/en/us/products/collateral/routers/asr-903-series-aggregation-services-routers/eos-eol-notice-c51-733936.html

Cant find table with devices
url: http://www.cisco.com/c/en/us/products/collateral/routers/asr-903-series-aggregation-services-routers/eos-eol-notice-c51-730871.html

Cant find table with devices
url: http://www.cisco.com/c/en/us/products/collateral/routers/asr-903-series-aggregation-services-routers/end_of_life_notice_c51-728171.html

Cant find table with devices
url: http://www.cisco.com/c/en/us/products/collateral/routers/asr-901-series-aggregation-services-routers/eos-eol-notice-c51-737188.html

Cant find table with devices
url: http://www.cisco.com/c/en/us/products/collateral/routers/asr-901-series-aggregation-services-routers/eos-eol-notice-c51-736334.html

Cant find table with devices
url: http://www.cisco.com/c/en/us/products/collateral/routers/asr-901-series-aggregation-services-routers/eos-eol-notice-c51-734223.html

Cant find table with devices
url: http://www.cisco.com/c/en/us/products/collateral/routers/asr-901-series-aggregation-services-routers/eos-eol-notice-c51-733934.html

Cant find table with devices
url: http://www.cisco.com/c/en/us/products/collateral/routers/asr-901-series-aggregation-services-routers/end-of-life-notice-c51-729773.html

Cant find table with devices
url: http://www.cisco.com/c/en/us/products/collateral/routers/asr-920-series-aggregation-services-router/eos-eol-notice-c51-737189.html

Cant find table with devices
url: http://www.cisco.com/c/en/us/products/collateral/routers/asr-920-series-aggregation-services-router/eos-eol-notice-c51-736335.html

Cant find table with devices
url: http://www.cisco.com/c/en/us/products/collateral/routers/asr-920-series-aggregation-services-router/eos-eol-notice-c51-734759.html

Cant find table with devices
url: http://www.cisco.com/c/en/us/products/collateral/routers/asr-920-series-aggregation-services-router/eos-eol-notice-c51-733935.html

Cant find table with devices
url: http://www.cisco.com/c/en/us/products/collateral/routers/asr-1000-series-aggregation-services-routers/eos-eol-notice-c51-737081.html

Cant find table with devices
url: http://www.cisco.com/c/en/us/products/collateral/routers/asr-1000-series-aggregation-services-routers/eos-eol-notice-c51-736752.html

Cant find table with devices
url: http://www.cisco.com/c/en/us/products/collateral/routers/asr-1000-series-aggregation-services-routers/eos-eol-notice-c51-736431.html

Cant find table with devices
url: http://www.cisco.com/c/en/us/products/collateral/routers/asr-1000-series-aggregation-services-routers/eos-eol-notice-c51-734263.html

Cant find table with devices
url: http://www.cisco.com/c/en/us/products/collateral/routers/asr-1000-series-aggregation-services-routers/eos-eol-notice-c51-734193.html

Cant find table with devices
url: http://www.cisco.com/c/en/us/products/collateral/routers/asr-1000-series-aggregation-services-routers/eos-eol-notice-c51-733479.html

Cant find table with devices
url: http://www.cisco.com/c/en/us/products/collateral/routers/asr-1000-series-aggregation-services-routers/eos-eol-notice-c51-732203.html

Cant find table with devices
url: http://www.cisco.com/c/en/us/products/collateral/routers/asr-1000-series-aggregation-services-routers/eos-eol-notice-c51-730604.html

Cant find table with devices
url: http://www.cisco.com/c/en/us/products/collateral/routers/asr-1000-series-aggregation-services-routers/eol_C51-718332.html

Cant find table with devices
url: http://www.cisco.com/c/en/us/products/collateral/application-networking-services/wide-area-application-services-waas-software/end_of_life_notice_c51-729046.html

Cant find table with devices
url: http://www.cisco.com/c/en/us/products/collateral/application-networking-services/wide-area-application-services-waas-software/eos-eol-notice-c51-730604.html

Cant find table with devices
url: http://www.cisco.com/c/en/us/products/collateral/routers/800-series-routers/eos-eol-notice-c51-734171.html

Cant find table with devices
url: http://www.cisco.com/c/en/us/products/collateral/routers/asr-1000-series-aggregation-services-routers/eos-eol-notice-c51-736431.html

Cant find table with devices
url: http://www.cisco.com/c/en/us/products/collateral/switches/catalyst-2960-x-series-switches/eos-eol-notice-c51-736509.html

Cant find table with devices
url: http://www.cisco.com/c/en/us/products/collateral/switches/catalyst-3750-series-switches/eos-eol-notice-c51-736302.html

Cant find table with devices
url: http://www.cisco.com/c/en/us/products/collateral/switches/catalyst-3750-series-switches/eol_c51-646639.html

Cant find table with devices
url: http://www.cisco.com/c/en/us/products/collateral/switches/catalyst-3750-series-switches/eos-eol-notice-c51-731425.html

Cant find table with devices
url: http://www.cisco.com/c/en/us/products/collateral/switches/catalyst-3750-metro-series-switches/prod_end-of-life_notice0900aecd804c7228.html

Cant find table with devices
url: http://www.cisco.com/c/en/us/products/collateral/routers/asr-1000-series-aggregation-services-routers/eos-eol-notice-c51-737081.html

Cant find table with devices
url: http://www.cisco.com/c/en/us/products/collateral/switches/catalyst-3850-series-switches/eos-eol-notice-c51-736680.html

Cant find table with devices
url: http://www.cisco.com/c/en/us/products/collateral/switches/catalyst-3850-series-switches/eos-eol-notice-c51-736492.html

Cant find table with devices
url: http://www.cisco.com/c/en/us/products/collateral/switches/catalyst-4500-series-switches/eos-eol-notice-c51-737186.html

Cant find table with devices
url: http://www.cisco.com/c/en/us/products/collateral/switches/catalyst-4500-series-switches/eos-eol-notice-c51-736507.html

Cant find table with devices
url: http://www.cisco.com/c/en/us/products/collateral/switches/catalyst-4500-series-switches/eos-eol-notice-c51-736474.html

Cant find table with devices
url: http://www.cisco.com/c/en/us/products/collateral/switches/catalyst-4500-series-switches/eos-eol-notice-c51-731750.html

Cant find table with devices
url: http://www.cisco.com/c/en/us/products/collateral/switches/catalyst-6500-series-switches/prod_end-of-life_notice0900aecd80565c60.html

Cant find table with devices
url: http://www.cisco.com/c/en/us/products/collateral/switches/catalyst-6500-series-switches/end_of_life_c51-683346.html

Cant find table with devices
url: http://www.cisco.com/c/en/us/products/collateral/switches/mgx-8800-series-switches/end-of-life-notice-c51-729742.html

Cant find table with devices
url: http://www.cisco.com/c/en/us/products/collateral/switches/me-3600x-series-ethernet-access-switches/eos-eol-notice-c51-734199.html

Cant find table with devices
url: http://www.cisco.com/c/en/us/products/collateral/switches/me-3600x-series-ethernet-access-switches/eos-eol-notice-c51-733938.html

Cant find table with devices
url: http://www.cisco.com/c/en/us/products/collateral/switches/me-3600x-series-ethernet-access-switches/eos-eol-notice-c51-731422.html

Cant find table with devices
url: http://www.cisco.com/c/en/us/products/collateral/switches/me-3600x-series-ethernet-access-switches/eos-eol-notice-c51-730872.html

Cant find table with devices
url: http://www.cisco.com/c/en/us/products/collateral/switches/me-3600x-series-ethernet-access-switches/end_of_life_notice_c51-728173.html

Cant find table with devices
url: http://www.cisco.com/c/en/us/products/collateral/switches/me-3800x-series-carrier-ethernet-switch-routers/eos-eol-notice-c51-734222.html

Cant find table with devices
url: http://www.cisco.com/c/en/us/products/collateral/switches/me-3800x-series-carrier-ethernet-switch-routers/eos-eol-notice-c51-733937.html

Cant find table with devices
url: http://www.cisco.com/c/en/us/products/collateral/switches/me-3800x-series-carrier-ethernet-switch-routers/eos-eol-notice-c51-731127.html

Cant find table with devices
url: http://www.cisco.com/c/en/us/products/collateral/switches/me-3800x-series-carrier-ethernet-switch-routers/end_of_life_notice_c51-728174.html

Cant find table with devices
url: http://www.cisco.com/c/en/us/products/collateral/switches/me-3800x-series-carrier-ethernet-switch-routers/eos-eol-notice-c51-731423.html

Cant find table with devices
url: http://www.cisco.com/c/en/us/products/collateral/security/anyconnect-secure-mobility-client/eos-eol-notice-c51-734084.html

Cant find table with devices
url: http://www.cisco.com/c/en/us/products/collateral/security/identity-services-engine/bulletin-c25-737392.html

Cant find table with devices
url: http://www.cisco.com/c/en/us/td/docs/security/nac/appliance/eol/NAC-Agent-4-x-EOL.html

Cant find table with devices
url: http://www.cisco.com/c/en/us/products/collateral/security/identity-services-engine/eos-eol-notice-c51-734276.html

Cant find table with devices
url: http://www.cisco.com/c/en/us/products/collateral/security/identity-services-engine/eos-eol-notice-c51-734275.html

Cant find table with devices
url: http://www.cisco.com/c/en/us/td/docs/security/nac/appliance/eol/NAC-Agent-4-x-EOL.html

Cant find table with devices
url: http://www.cisco.com/c/en/us/products/collateral/security/web-security-appliance/eos-eol-notice-c51-736320.html

Cant find table with devices
url: http://www.cisco.com/c/en/us/products/collateral/security/web-security-appliance/eos-eol-notice-c51-736319.html

Cant find table with devices
url: http://www.cisco.com/c/en/us/products/collateral/security/ips-4200-series-sensors/prod_bulletin0900aecd80358daa.html

