2016-08-26 17:55:53,382 Starting script at2016-08-26 17:55:53.382779
2016-08-26 17:55:53,602 Starting new HTTP connection (1): www.cisco.com
2016-08-26 17:55:54,126 Starting new HTTP connection (1): www.cisco.com
2016-08-26 17:55:54,308 Starting new HTTPS connection (1): www.cisco.com
2016-08-26 17:55:54,970 Device Type: security
2016-08-26 17:55:55,060  
2016-08-26 17:55:55,060 Parsing Cisco Identity Services Engine (ISE)
2016-08-26 17:55:55,063 Starting new HTTPS connection (1): www.cisco.com
2016-08-26 17:55:55,521 No End-of-Sale for Cisco Identity Services Engine (ISE)
2016-08-26 17:55:55,521  
2016-08-26 17:55:55,522 Parsing Cisco Meraki Cloud Managed MDM
2016-08-26 17:55:55,524 Starting new HTTPS connection (1): www.cisco.com
2016-08-26 17:55:56,255 Starting new HTTPS connection (1): meraki.cisco.com
2016-08-26 17:56:01,850 No End-of-Sale for Cisco Meraki Cloud Managed MDM
2016-08-26 17:56:01,851  
2016-08-26 17:56:01,851 Parsing Cisco Secure Access Control System
2016-08-26 17:56:01,854 Starting new HTTPS connection (1): www.cisco.com
2016-08-26 17:56:02,257 Found some End-of-Sale listing
2016-08-26 17:56:02,257 url:https://www.cisco.com/c/en/us/products/security/secure-access-control-system/eos-eol-notice-listing.html
2016-08-26 17:56:02,260 Starting new HTTPS connection (1): www.cisco.com
2016-08-26 17:56:03,029 Title:End-of-Sale and End-of-Life Announcement for the Cisco Secure Access Control System 5.1
2016-08-26 17:56:03,030 Url:https://www.cisco.com/c/en/us/products/collateral/security/secure-access-control-system/eol_c51-693439.html
2016-08-26 17:56:03,032 Starting new HTTPS connection (1): www.cisco.com
2016-08-26 17:56:03,474 Added to Dates Table 1.       End-of-Life Milestones and Dates for the Cisco Secure Access Control System 5.1
2016-08-26 17:56:03,490 Added to Devices Table 2.       Product Part Numbers Affected by This Announcement  
2016-08-26 17:56:03,494 This page have 1 dv dt pairs
2016-08-26 17:56:03,494 Device title Table 2.       Product Part Numbers Affected by This Announcement  
2016-08-26 17:56:03,495 Assosiate dates title Table 1.       End-of-Life Milestones and Dates for the Cisco Secure Access Control System 5.1
2016-08-26 17:56:03,496 Adding pn to dictionary
2016-08-26 17:56:03,497 pn:CSACS-5.1-SW-K9
2016-08-26 17:56:03,497 pn:CSACS-5.1-VM-K9
2016-08-26 17:56:03,497 pn:CSACS-5.1-VM-UP-K9
2016-08-26 17:56:03,497 pn:CSACS-5.1SW-MR-K9=
2016-08-26 17:56:03,498 pn:CSACS-5.1SW-SR-K9=
2016-08-26 17:56:03,498 pn:CSACS-5.1VM-MR-K9=
2016-08-26 17:56:03,498 pn:CSACS-5.1VM-SR-K9=
2016-08-26 17:56:03,499 7
2016-08-26 17:56:03,499 
2016-08-26 17:56:03,499 Title:End-of-Sale and End-of-Life Announcement for the Cisco Secure Access Control System 1121 Appliance
2016-08-26 17:56:03,499 Url:https://www.cisco.com/c/en/us/products/collateral/security/secure-access-control-system/eol__C51-726880.html
2016-08-26 17:56:03,502 Starting new HTTPS connection (1): www.cisco.com
2016-08-26 17:56:03,951 Added to Dates  Table 1. End-of-Life Milestones and Dates for the Cisco Secure Access Control System 1121 Appliance 
2016-08-26 17:56:03,961 Added to Devices  Table 2. Product Part Numbers Affected by This Announcement 
2016-08-26 17:56:03,966 This page have 1 dv dt pairs
2016-08-26 17:56:03,966 Device title  Table 2. Product Part Numbers Affected by This Announcement 
2016-08-26 17:56:03,967 Assosiate dates title  Table 1. End-of-Life Milestones and Dates for the Cisco Secure Access Control System 1121 Appliance 
2016-08-26 17:56:03,968 Adding pn to dictionary
2016-08-26 17:56:03,968 pn:CSACS-1121-K9
2016-08-26 17:56:03,969 pn:CSACS-1121-UP-K9
2016-08-26 17:56:03,969 9
2016-08-26 17:56:03,969 
2016-08-26 17:56:03,970 Title:End-of-Sale and End-of-Life Announcement for the Cisco Secure Access Control System 5.3
2016-08-26 17:56:03,970 Url:https://www.cisco.com/c/en/us/products/collateral/cloud-systems-management/secure-access-control-server-view/eos-eol-notice-c51-730899.html
2016-08-26 17:56:03,973 Starting new HTTPS connection (1): www.cisco.com
2016-08-26 17:56:04,429 Added to Dates Table 1. End-of-Life Milestones and Dates for the Cisco Secure Access Control System 5.3
2016-08-26 17:56:04,442 Added to Devices Table 2. Product Part Numbers Affected by This Announcement
2016-08-26 17:56:04,447 This page have 1 dv dt pairs
2016-08-26 17:56:04,447 Device title Table 2. Product Part Numbers Affected by This Announcement
2016-08-26 17:56:04,449 Assosiate dates title Table 1. End-of-Life Milestones and Dates for the Cisco Secure Access Control System 5.3
2016-08-26 17:56:04,450 Adding pn to dictionary
2016-08-26 17:56:04,451 pn:CSACS-5.3-SW-K9
2016-08-26 17:56:04,451 pn:CSACS-5.3-VM-K9
2016-08-26 17:56:04,452 pn:CSACS-5.3-VM-UP-K9
2016-08-26 17:56:04,453 pn:CSACS-5.3SW-MR-K9=
2016-08-26 17:56:04,453 pn:CSACS-5.3SW-SR-K9=
2016-08-26 17:56:04,453 pn:L-CSACS-53VM-K9
2016-08-26 17:56:04,454 pn:L-CSACS-53VMUP-K9
2016-08-26 17:56:04,454 16
2016-08-26 17:56:04,454 
2016-08-26 17:56:04,454 Title:End-of-Sale and End-of-Life Announcement for the Cisco Secure Access Control System 5.5
2016-08-26 17:56:04,455 Url:https://www.cisco.com/c/en/us/products/collateral/security/secure-access-control-system/eos-eol-notice-c51-733079.html
2016-08-26 17:56:04,458 Starting new HTTPS connection (1): www.cisco.com
2016-08-26 17:56:04,906 Added to Dates Table 1.       End-of-Life Milestones and Dates for the Cisco Secure Access Control System 5.5
2016-08-26 17:56:04,917 Added to Devices Table 2.       Product Part Numbers Affected by This Announcement
2016-08-26 17:56:04,920 This page have 1 dv dt pairs
2016-08-26 17:56:04,921 Device title Table 2.       Product Part Numbers Affected by This Announcement
2016-08-26 17:56:04,922 Assosiate dates title Table 1.       End-of-Life Milestones and Dates for the Cisco Secure Access Control System 5.5
2016-08-26 17:56:04,923 Adding pn to dictionary
2016-08-26 17:56:04,923 pn:CSACS-5.5-VM-K9
2016-08-26 17:56:04,923 pn:CSACS-5.5-VM-UP-K9
2016-08-26 17:56:04,924 pn:CSACS-5.5SW-MR-K9=
2016-08-26 17:56:04,924 pn:CSACS-5.5SW-SR-K9=
2016-08-26 17:56:04,925 pn:R-CSACS-55VM-K9=
2016-08-26 17:56:04,925 pn:R-CSACS-55VMUP-K9=
2016-08-26 17:56:04,926 22
2016-08-26 17:56:04,926 
2016-08-26 17:56:04,927 Title:End-of-Sale and End-of-Life Announcement for the Cisco Secure Access Control System 5.4
2016-08-26 17:56:04,927 Url:https://www.cisco.com/c/en/us/products/collateral/security/secure-access-control-system/eos-eol-notice-c51-732647.html
2016-08-26 17:56:04,930 Starting new HTTPS connection (1): www.cisco.com
2016-08-26 17:56:05,374 Added to Dates Table 1.       End-of-Life Milestones and Dates for the Cisco Secure Access Control System 5.4
2016-08-26 17:56:05,389 Added to Devices Table 2.       Product Part Numbers Affected by This Announcement
2016-08-26 17:56:05,393 This page have 1 dv dt pairs
2016-08-26 17:56:05,393 Device title Table 2.       Product Part Numbers Affected by This Announcement
2016-08-26 17:56:05,395 Assosiate dates title Table 1.       End-of-Life Milestones and Dates for the Cisco Secure Access Control System 5.4
2016-08-26 17:56:05,396 Adding pn to dictionary
2016-08-26 17:56:05,396 pn:CSACS-5.4-SW-K9
2016-08-26 17:56:05,396 pn:CSACS-5.4-VM-K9
2016-08-26 17:56:05,397 pn:CSACS-5.4-VM-UP-K9
2016-08-26 17:56:05,397 pn:CSACS-5.4SW-MR-K9=
2016-08-26 17:56:05,397 pn:CSACS-5.4SW-SR-K9=
2016-08-26 17:56:05,398 pn:L-CSACS-54VM-K9
2016-08-26 17:56:05,398 pn:L-CSACS-54VMUP-K9
2016-08-26 17:56:05,398 pn:R-CSACS-54VM-K9=
2016-08-26 17:56:05,399 pn:R-CSACS-54VMUP-K9=
2016-08-26 17:56:05,399 31
2016-08-26 17:56:05,399 
2016-08-26 17:56:05,400 Title:End-of-Sale and End-of-Life Announcement for the Cisco Secure Access Control System 5.2 (CSACS-5.2) Software
2016-08-26 17:56:05,400 Url:https://www.cisco.com/c/en/us/products/collateral/security/secure-access-control-system/eol_C51-726115.html
2016-08-26 17:56:05,403 Starting new HTTPS connection (1): www.cisco.com
2016-08-26 17:56:05,867 Added to Dates Table 1. End-of-Life Milestones and Dates for the Cisco Secure Access Control System 5.2 (CSACS-5.2) Software
2016-08-26 17:56:05,884 Added to Devices Table 2. Product Part Numbers Affected by This Announcement
2016-08-26 17:56:05,888 This page have 1 dv dt pairs
2016-08-26 17:56:05,889 Device title Table 2. Product Part Numbers Affected by This Announcement
2016-08-26 17:56:05,890 Assosiate dates title Table 1. End-of-Life Milestones and Dates for the Cisco Secure Access Control System 5.2 (CSACS-5.2) Software
2016-08-26 17:56:05,891 Adding pn to dictionary
2016-08-26 17:56:05,891 pn:CSACS-5.2-SW-K9
2016-08-26 17:56:05,891 pn:CSACS-5.2-VM-K9
2016-08-26 17:56:05,892 pn:CSACS-5.2-VM-UP-K9
2016-08-26 17:56:05,892 pn:CSACS-5.2SW-MR-K9
2016-08-26 17:56:05,892 pn:CSACS-5.2SW-MR-K9=
2016-08-26 17:56:05,892 pn:CSACS-5.2SW-SR-K9
2016-08-26 17:56:05,893 pn:CSACS-5.2SW-SR-K9=
2016-08-26 17:56:05,893 pn:L-CSACS-52VM-K9
2016-08-26 17:56:05,894 pn:L-CSACS-52VMUP-K9
2016-08-26 17:56:05,894 40
2016-08-26 17:56:05,894 
2016-08-26 17:56:05,895 Title:End-of-Sale and End-of-Life Announcement for the Cisco Secure Access Control System 5.0
2016-08-26 17:56:05,895 Url:https://www.cisco.com/c/en/us/products/collateral/security/secure-access-control-system/end_of_life__C51-633515.html
2016-08-26 17:56:05,897 Starting new HTTPS connection (1): www.cisco.com
2016-08-26 17:56:06,354 Added to Dates Table 1.       End-of-Life Milestones and Dates for the Cisco Secure Access Control System 5.0
2016-08-26 17:56:06,367 Added to Devices Table 2.       Product Part Numbers Affected by This Announcement
2016-08-26 17:56:06,371 This page have 1 dv dt pairs
2016-08-26 17:56:06,371 Device title Table 2.       Product Part Numbers Affected by This Announcement
2016-08-26 17:56:06,372 Assosiate dates title Table 1.       End-of-Life Milestones and Dates for the Cisco Secure Access Control System 5.0
2016-08-26 17:56:06,374 Adding pn to dictionary
2016-08-26 17:56:06,374 pn:CSACS-1120-K9
2016-08-26 17:56:06,374 pn:CSACS-1120-UP-K9
2016-08-26 17:56:06,374 pn:CSACS-5-MON-LIC=
2016-08-26 17:56:06,375 pn:CSACS-5.0-IENVM-K9
2016-08-26 17:56:06,375 pn:CSACS-5.0-SW-K9
2016-08-26 17:56:06,375 pn:CSACS-5.0-VM-UP-K9
2016-08-26 17:56:06,376 46
2016-08-26 17:56:06,376 
2016-08-26 17:56:06,378 Title:End-of-Sale and End-of-Life Announcement for the Cisco Secure Access Control System 5.7
2016-08-26 17:56:06,378 Url:https://www.cisco.com/c/en/us/products/collateral/security/secure-access-control-system/eos-eol-notice-c51-736015.html
2016-08-26 17:56:06,381 Starting new HTTPS connection (1): www.cisco.com
2016-08-26 17:56:06,848 Added to Dates Table 1.       End-of-Life Milestones and Dates for the Cisco Secure Access Control System 5.7
2016-08-26 17:56:06,859 Added to Devices Table 2.       Product Part Numbers Affected by This Announcement
2016-08-26 17:56:06,863 This page have 1 dv dt pairs
2016-08-26 17:56:06,864 Device title Table 2.       Product Part Numbers Affected by This Announcement
2016-08-26 17:56:06,865 Assosiate dates title Table 1.       End-of-Life Milestones and Dates for the Cisco Secure Access Control System 5.7
2016-08-26 17:56:06,866 Adding pn to dictionary
2016-08-26 17:56:06,866 pn:CSACS-5.7-VM-K9
2016-08-26 17:56:06,866 pn:CSACS-5.7-VM-UP-K9
2016-08-26 17:56:06,867 pn:CSACS-5.7SW-MR-K9=
2016-08-26 17:56:06,867 pn:CSACS-5.7SW-SR-K9=
2016-08-26 17:56:06,867 pn:R-CSACS-57VM-K9=
2016-08-26 17:56:06,868 pn:R-CSACS-57VMUP-K9=
2016-08-26 17:56:06,868 52
2016-08-26 17:56:06,868 
2016-08-26 17:56:06,868 Title:End-of-Sale and End-of-Life Announcement for the Cisco Secure Access Control System 5.6
2016-08-26 17:56:06,869 Url:https://www.cisco.com/c/en/us/products/collateral/security/secure-access-control-system/eos-eol-notice-c51-735633.html
2016-08-26 17:56:06,871 Starting new HTTPS connection (1): www.cisco.com
2016-08-26 17:56:07,357 Added to Dates Table 1.       End-of-Life Milestones and Dates for the Cisco Secure Access Control System 5.6
2016-08-26 17:56:07,368 Added to Devices Table 2.       Product Part Numbers Affected by This Announcement
2016-08-26 17:56:07,371 This page have 1 dv dt pairs
2016-08-26 17:56:07,372 Device title Table 2.       Product Part Numbers Affected by This Announcement
2016-08-26 17:56:07,373 Assosiate dates title Table 1.       End-of-Life Milestones and Dates for the Cisco Secure Access Control System 5.6
2016-08-26 17:56:07,374 Adding pn to dictionary
2016-08-26 17:56:07,374 pn:CSACS-5.6-VM-K9
2016-08-26 17:56:07,375 pn:CSACS-5.6-VM-UP-K9
2016-08-26 17:56:07,375 pn:CSACS-5.6SW-MR-K9=
2016-08-26 17:56:07,375 pn:CSACS-5.6SW-SR-K9=
2016-08-26 17:56:07,375 pn:R-CSACS-56VM-K9=
2016-08-26 17:56:07,376 pn:R-CSACS-56VMUP-K9=
2016-08-26 17:56:07,376 58
2016-08-26 17:56:07,377 
2016-08-26 17:56:07,377 Parsing Cisco AMP Threat Grid - Appliances
2016-08-26 17:56:07,382 Starting new HTTPS connection (1): www.cisco.com
2016-08-26 17:56:07,806 Found some End-of-Sale listing
2016-08-26 17:56:07,807 url:https://www.cisco.com/c/en/us/products/security/amp-threat-grid-appliances/eos-eol-notice-listing.html
2016-08-26 17:56:07,809 Starting new HTTPS connection (1): www.cisco.com
2016-08-26 17:56:08,640 Title:End-of-Sale and End-of-Life Announcement for the Cisco AMP Threat Grid 5000 and 5500 Appliances
2016-08-26 17:56:08,641 Url:https://www.cisco.com/c/en/us/products/collateral/security/amp-threat-grid-appliances/eos-eol-notice-c51-737414.html
2016-08-26 17:56:08,644 Starting new HTTPS connection (1): www.cisco.com
2016-08-26 17:56:09,072 Added to Dates Table 1.       End-of-Life Milestones and Dates for the Cisco AMP Threat Grid 5000 and 5500 Appliances
2016-08-26 17:56:09,087 Added to Devices Table 2.       Product Part Numbers Affected by This Announcement
2016-08-26 17:56:09,091 This page have 1 dv dt pairs
2016-08-26 17:56:09,092 Device title Table 2.       Product Part Numbers Affected by This Announcement
2016-08-26 17:56:09,093 Assosiate dates title Table 1.       End-of-Life Milestones and Dates for the Cisco AMP Threat Grid 5000 and 5500 Appliances
2016-08-26 17:56:09,094 Adding pn to dictionary
2016-08-26 17:56:09,095 pn:L-TG5000-5Y-K9
2016-08-26 17:56:09,096 pn:L-TG5000-AMPUP-5Y
2016-08-26 17:56:09,096 pn:L-TG5000-SWUPG-K9
2016-08-26 17:56:09,096 pn:L-TG5500-5Y-K9
2016-08-26 17:56:09,096 pn:L-TG5500-AMPUP-5Y
2016-08-26 17:56:09,097 pn:TG5000-BUN
2016-08-26 17:56:09,097 pn:TG5500-BUN
2016-08-26 17:56:09,097 65
2016-08-26 17:56:09,098 
2016-08-26 17:56:09,099 Title:End-of-Sale and End-of-Life Announcement for the Cisco AMP Threat Grid 5000 and 5500 Appliances
2016-08-26 17:56:09,099 Url:https://www.cisco.com/c/en/us/products/collateral/security/amp-threat-grid-appliances/eos-eol-notice-c51-737391.html
2016-08-26 17:56:09,099 This one was parsed before.Skiping
2016-08-26 17:56:09,100  
2016-08-26 17:56:09,100 Parsing Cisco AMP Threat Grid - Cloud
2016-08-26 17:56:09,102 Starting new HTTPS connection (1): www.cisco.com
2016-08-26 17:56:09,533 No End-of-Sale for Cisco AMP Threat Grid - Cloud
2016-08-26 17:56:09,534  
2016-08-26 17:56:09,534 Parsing Cisco Advanced Malware Protection (AMP) for Endpoints
2016-08-26 17:56:09,537 Starting new HTTPS connection (1): www.cisco.com
2016-08-26 17:56:09,938 No End-of-Sale for Cisco Advanced Malware Protection (AMP) for Endpoints
2016-08-26 17:56:09,938  
2016-08-26 17:56:09,939 Parsing Cisco Advanced Malware Protection Virtual Private Cloud Appliance
2016-08-26 17:56:09,941 Starting new HTTPS connection (1): www.cisco.com
2016-08-26 17:56:10,366 No End-of-Sale for Cisco Advanced Malware Protection Virtual Private Cloud Appliance
2016-08-26 17:56:10,367  
2016-08-26 17:56:10,367 Parsing Cisco Advanced Malware Protection for Networks
2016-08-26 17:56:10,369 Starting new HTTPS connection (1): www.cisco.com
2016-08-26 17:56:10,815 No End-of-Sale for Cisco Advanced Malware Protection for Networks
2016-08-26 17:56:10,816  
2016-08-26 17:56:10,816 Parsing Cisco Cloud Email Security
2016-08-26 17:56:10,819 Starting new HTTPS connection (1): www.cisco.com
2016-08-26 17:56:11,499 No End-of-Sale for Cisco Cloud Email Security
2016-08-26 17:56:11,499  
2016-08-26 17:56:11,500 Parsing Cisco Email Security Appliance
2016-08-26 17:56:11,503 Starting new HTTPS connection (1): www.cisco.com
2016-08-26 17:56:11,953 Found some End-of-Sale listing
2016-08-26 17:56:11,953 url:https://www.cisco.com/c/en/us/products/security/email-security-appliance/eos-eol-notice-listing.html
2016-08-26 17:56:11,956 Starting new HTTPS connection (1): www.cisco.com
2016-08-26 17:56:12,364 Title:End-of-Sale and End-of-Life Announcement for the Cisco x170 and x80 Email, Web, and Content Security Management Hardware Appliances
2016-08-26 17:56:12,364 Url:https://www.cisco.com/c/en/us/products/collateral/security/web-security-appliance/eos-eol-notice-c51-737103.html
2016-08-26 17:56:12,367 Starting new HTTPS connection (1): www.cisco.com
2016-08-26 17:56:12,855 Added to Dates Table 1.       End-of-Life Milestones and Dates for the Cisco x170 and x80 Email, Web, and Content Security Management Hardware Appliances
2016-08-26 17:56:12,900 Added to Devices Table 2.       Product Part Numbers Affected by This Announcement
2016-08-26 17:56:12,904 This page have 1 dv dt pairs
2016-08-26 17:56:12,905 Device title Table 2.       Product Part Numbers Affected by This Announcement
2016-08-26 17:56:12,908 Assosiate dates title Table 1.       End-of-Life Milestones and Dates for the Cisco x170 and x80 Email, Web, and Content Security Management Hardware Appliances
2016-08-26 17:56:12,909 Adding pn to dictionary
2016-08-26 17:56:12,909 pn:ESA-C170-K9
2016-08-26 17:56:12,910 pn:ESA-C380-K9
2016-08-26 17:56:12,910 pn:ESA-C680-10G-FP-K9
2016-08-26 17:56:12,911 pn:ESA-C680-10G-K9
2016-08-26 17:56:12,911 pn:ESA-C680-10G-LF-K9
2016-08-26 17:56:12,911 pn:ESA-C680-1G-FP-K9
2016-08-26 17:56:12,911 pn:ESA-C680-1G-K9
2016-08-26 17:56:12,912 pn:ESA-C680-1G-LF-K9
2016-08-26 17:56:12,912 pn:ESA-C680-FP-K9
2016-08-26 17:56:12,912 pn:ESA-C680-K9
2016-08-26 17:56:12,912 pn:ESA-C680-LKFP-K9
2016-08-26 17:56:12,913 pn:SMA-M170-K9
2016-08-26 17:56:12,913 pn:SMA-M380-K9
2016-08-26 17:56:12,913 pn:SMA-M680-10G-K9
2016-08-26 17:56:12,913 pn:SMA-M680-10G-LF-K9
2016-08-26 17:56:12,914 pn:SMA-M680-1G-K9
2016-08-26 17:56:12,914 pn:SMA-M680-1G-LF-K9
2016-08-26 17:56:12,914 pn:SMA-M680-K9
2016-08-26 17:56:12,915 pn:SMA-M680-LKFP-K9
2016-08-26 17:56:12,915 pn:WSA-S170-K9
2016-08-26 17:56:12,918 pn:WSA-S380-K9
2016-08-26 17:56:12,918 pn:WSA-S680-10G-K9
2016-08-26 17:56:12,919 pn:WSA-S680-10G-LF-K9
2016-08-26 17:56:12,919 pn:WSA-S680-1G-K9
2016-08-26 17:56:12,919 pn:WSA-S680-1G-LF-K9
2016-08-26 17:56:12,920 pn:WSA-S680-K9
2016-08-26 17:56:12,926 pn:WSA-S680-LKFP-K9
2016-08-26 17:56:12,926 92
2016-08-26 17:56:12,927 
2016-08-26 17:56:12,927 Title:End-of-Sale and End-of-Life Announcement for the Cisco x170 and x80 Email, Web, and Content Security Management Accessories
2016-08-26 17:56:12,927 Url:https://www.cisco.com/c/en/us/products/collateral/security/web-security-appliance/eos-eol-notice-c51-737158.html
2016-08-26 17:56:12,930 Starting new HTTPS connection (1): www.cisco.com
2016-08-26 17:56:13,436 Added to Dates Table 1.       End-of-Life Milestones and Dates for the Cisco x170 and x80 Email, Web, and Content Security Management Accessories
2016-08-26 17:56:13,450 Added to Devices Table 2.       Product Part Numbers Affected by This Announcement
2016-08-26 17:56:13,454 This page have 1 dv dt pairs
2016-08-26 17:56:13,454 Device title Table 2.       Product Part Numbers Affected by This Announcement
2016-08-26 17:56:13,456 Assosiate dates title Table 1.       End-of-Life Milestones and Dates for the Cisco x170 and x80 Email, Web, and Content Security Management Accessories
2016-08-26 17:56:13,458 Adding pn to dictionary
2016-08-26 17:56:13,458 pn:CCS-10GE-FI
2016-08-26 17:56:13,458 pn:CCS-170-BRACKETS=
2016-08-26 17:56:13,459 pn:CCS-1GE-CU
2016-08-26 17:56:13,459 pn:CCS-1GE-FI
2016-08-26 17:56:13,459 pn:CCS-HD-250GB
2016-08-26 17:56:13,460 pn:CCS-HD-250GB-
2016-08-26 17:56:13,460 pn:CCS-HD-250GB=
2016-08-26 17:56:13,460 pn:CCS-HD-600GB
2016-08-26 17:56:13,460 pn:CCS-HD-600GB=
2016-08-26 17:56:13,461 pn:CCS-HD-BLANK=
2016-08-26 17:56:13,461 pn:CCS-HDD-300GB
2016-08-26 17:56:13,461 pn:CCS-HDD-300GB=
2016-08-26 17:56:13,461 pn:CCS-PWR-AC-650W
2016-08-26 17:56:13,462 pn:CCS-PWR-AC-650W=
2016-08-26 17:56:13,462 pn:CCS-PWR-DC-930W
2016-08-26 17:56:13,462 pn:CCS-PWR-DC-930W=
2016-08-26 17:56:13,462 pn:CCS-RAIL=
2016-08-26 17:56:13,462 pn:CCS-RAILS-170=
2016-08-26 17:56:13,463 pn:ESA-C680-KEY=
2016-08-26 17:56:13,463 pn:SMA-M680-KEY=
2016-08-26 17:56:13,463 pn:WSA-S680-KEY=
2016-08-26 17:56:13,467 113
2016-08-26 17:56:13,467 
2016-08-26 17:56:13,468 Title:End-of-Sale and End-of-Life Announcement for the Cisco IronPort x50 Appliance
2016-08-26 17:56:13,468 Url:https://www.cisco.com/c/en/us/products/collateral/security/email-security-appliance/eol_c51-716512.html
2016-08-26 17:56:13,471 Starting new HTTPS connection (1): www.cisco.com
2016-08-26 17:56:13,953 Added to Dates  Table 1. End-of-Life Milestones and Dates for the Cisco IronPort x50 Appliance 
2016-08-26 17:56:13,967 Added to Devices  Table 2. Product Part Numbers Affected by This Announcement 
2016-08-26 17:56:13,970 This page have 1 dv dt pairs
2016-08-26 17:56:13,971 Device title  Table 2. Product Part Numbers Affected by This Announcement 
2016-08-26 17:56:13,972 Assosiate dates title  Table 1. End-of-Life Milestones and Dates for the Cisco IronPort x50 Appliance 
2016-08-26 17:56:13,973 Adding pn to dictionary
2016-08-26 17:56:13,974 pn:ESA-C150-K9
2016-08-26 17:56:13,974 pn:ESA-C350-K9
2016-08-26 17:56:13,974 pn:ESA-C650-K9
2016-08-26 17:56:13,975 pn:SMA-M1050-K9
2016-08-26 17:56:13,975 pn:SMA-M650-K9
2016-08-26 17:56:13,975 pn:WSA-S650-K9
2016-08-26 17:56:13,975 119
2016-08-26 17:56:13,976 
2016-08-26 17:56:13,976 Title:End-of-Sale and End-of-Life Announcement for the Cisco IronPort x60 Appliance
2016-08-26 17:56:13,977 Url:https://www.cisco.com/c/en/us/products/collateral/security/email-security-appliance/eol_C51-715394.html
2016-08-26 17:56:13,980 Starting new HTTPS connection (1): www.cisco.com
2016-08-26 17:56:14,429 Added to Dates Table 1.       End-of-Life Milestones and Dates for the Cisco IronPort x60 Appliance
2016-08-26 17:56:14,446 Added to Devices Table 2.       Product Part Numbers Affected by This Announcement
2016-08-26 17:56:14,449 This page have 1 dv dt pairs
2016-08-26 17:56:14,450 Device title Table 2.       Product Part Numbers Affected by This Announcement
2016-08-26 17:56:14,452 Assosiate dates title Table 1.       End-of-Life Milestones and Dates for the Cisco IronPort x60 Appliance
2016-08-26 17:56:14,453 Adding pn to dictionary
2016-08-26 17:56:14,453 pn:ESA-C160-K9
2016-08-26 17:56:14,453 pn:ESA-C360-K9
2016-08-26 17:56:14,454 pn:ESA-C660-K9
2016-08-26 17:56:14,454 pn:ESA-X1060-K9
2016-08-26 17:56:14,454 pn:SMA-M1060-K9
2016-08-26 17:56:14,455 pn:SMA-M160-K9
2016-08-26 17:56:14,455 pn:SMA-M660-K9
2016-08-26 17:56:14,456 pn:WSA-S160-K9
2016-08-26 17:56:14,456 pn:WSA-S360-K9
2016-08-26 17:56:14,456 pn:WSA-S660-K9
2016-08-26 17:56:14,457 129
2016-08-26 17:56:14,457 
2016-08-26 17:56:14,457 Title:End-of-Sale and End-of-Life Announcement for the AsyncOS 7.6.x for Cisco Email Security Appliance
2016-08-26 17:56:14,458 Url:https://www.cisco.com/c/en/us/products/collateral/security/email-security-appliance/eos-eol-notice-c51-732594.html
2016-08-26 17:56:14,460 Starting new HTTPS connection (1): www.cisco.com
2016-08-26 17:56:15,290 Added to Dates Table 1. End-of-Life Milestones and Dates for the AsyncOS 7.6.x for Cisco Email Security Appliance
2016-08-26 17:56:15,298 Added to Devices Table 2. Product Part Numbers Affected by This Announcement 
2016-08-26 17:56:15,302 This page have 1 dv dt pairs
2016-08-26 17:56:15,303 Device title Table 2. Product Part Numbers Affected by This Announcement 
2016-08-26 17:56:15,304 Assosiate dates title Table 1. End-of-Life Milestones and Dates for the AsyncOS 7.6.x for Cisco Email Security Appliance
2016-08-26 17:56:15,305 Adding pn to dictionary
2016-08-26 17:56:15,305 pn:SF-ESA-7.6.1-K9
2016-08-26 17:56:15,305 pn:SF-ESA-7.6.2-K9
2016-08-26 17:56:15,306 pn:SF-ESA-7.6.3-K9
2016-08-26 17:56:15,306 132
2016-08-26 17:56:15,306 
2016-08-26 17:56:15,307 Title:End-of-Sale and End-of-Life Announcement for the Cisco Email, Web, and Security Management x70 Accessories
2016-08-26 17:56:15,307 Url:https://www.cisco.com/c/en/us/products/collateral/security/email-security-appliance/eos-eol-notice-c51-730835.html
2016-08-26 17:56:15,310 Starting new HTTPS connection (1): www.cisco.com
2016-08-26 17:56:15,798 Added to Dates Table 1. End-of-Life Milestones and Dates for the Cisco Email, Web, and Security Management x70 Accessories
2016-08-26 17:56:15,814 Added to Devices Table 2. Product Part Numbers Affected by This Announcement 
2016-08-26 17:56:15,818 This page have 1 dv dt pairs
2016-08-26 17:56:15,818 Device title Table 2. Product Part Numbers Affected by This Announcement 
2016-08-26 17:56:15,819 Assosiate dates title Table 1. End-of-Life Milestones and Dates for the Cisco Email, Web, and Security Management x70 Accessories
2016-08-26 17:56:15,820 Adding pn to dictionary
2016-08-26 17:56:15,820 pn:CCS-2GE-FI
2016-08-26 17:56:15,820 pn:CCS-2GE-FI=
2016-08-26 17:56:15,820 pn:CCS-BAT-RAID-710=
2016-08-26 17:56:15,821 pn:CCS-CABLE-MGMT=
2016-08-26 17:56:15,821 pn:CCS-HD-300GB-
2016-08-26 17:56:15,821 pn:CCS-HD-300GB=
2016-08-26 17:56:15,821 pn:CCS-PWR-AC-870W-
2016-08-26 17:56:15,822 pn:CCS-PWR-AC-870W=
2016-08-26 17:56:15,822 pn:CCS-RAILS-4SQ=
2016-08-26 17:56:15,822 pn:ESA-X1070-FPLT
2016-08-26 17:56:15,822 pn:ESA-X1070-FPLT=
2016-08-26 17:56:15,822 pn:SMA-HD-600GB-
2016-08-26 17:56:15,823 pn:SMA-HD-600GB=
2016-08-26 17:56:15,823 pn:SMA-M1070-FPLT
2016-08-26 17:56:15,823 pn:SMA-M1070-FPLT=
2016-08-26 17:56:15,823 pn:SMA-STD-FPLT
2016-08-26 17:56:15,823 pn:WSA-4GE-CU
2016-08-26 17:56:15,824 pn:WSA-HD-450GB-
2016-08-26 17:56:15,824 pn:WSA-HD-450GB=
2016-08-26 17:56:15,824 151
2016-08-26 17:56:15,824 
2016-08-26 17:56:15,824 Title:End-of-Sale and End-of-Life Announcement for the Cisco Email, Web, and Security Management x70 Appliances
2016-08-26 17:56:15,825 Url:https://www.cisco.com/c/en/us/products/collateral/security/email-security-appliance/eos-eol-notice-c51-730832.html
2016-08-26 17:56:15,828 Starting new HTTPS connection (1): www.cisco.com
2016-08-26 17:56:16,297 Added to Dates Table 1. End-of-Life Milestones and Dates for the Cisco Email, Web, and Security Management x70 Appliances
2016-08-26 17:56:16,318 Added to Devices Table 2. Product Part Numbers Affected by This Announcement
2016-08-26 17:56:16,322 This page have 1 dv dt pairs
2016-08-26 17:56:16,323 Device title Table 2. Product Part Numbers Affected by This Announcement
2016-08-26 17:56:16,324 Assosiate dates title Table 1. End-of-Life Milestones and Dates for the Cisco Email, Web, and Security Management x70 Appliances
2016-08-26 17:56:16,325 Adding pn to dictionary
2016-08-26 17:56:16,326 pn:ESA-C370-K9
2016-08-26 17:56:16,326 pn:ESA-C370-NT-K9
2016-08-26 17:56:16,326 pn:ESA-C670-K9
2016-08-26 17:56:16,327 pn:ESA-X1070-FI-K9
2016-08-26 17:56:16,329 pn:ESA-X1070-K9
2016-08-26 17:56:16,329 pn:ESA-X1070-NT-K9
2016-08-26 17:56:16,329 pn:SMA-M1070-FI-K9
2016-08-26 17:56:16,329 pn:SMA-M1070-K9
2016-08-26 17:56:16,330 pn:SMA-M1070-NT-K9
2016-08-26 17:56:16,330 pn:SMA-M670-K9
2016-08-26 17:56:16,330 pn:WSA-S370-K9
2016-08-26 17:56:16,330 pn:WSA-S370-NT-K9
2016-08-26 17:56:16,330 pn:WSA-S670-FI-K9
2016-08-26 17:56:16,331 pn:WSA-S670-K9
2016-08-26 17:56:16,331 165
2016-08-26 17:56:16,331 
2016-08-26 17:56:16,331 Title:End-of-Sale and End-of-Life Announcement for the AsyncOS 8.0.1 for Cisco Email Security Appliance, and AsyncOS 8.1.1 for Cisco Content Security Management Appliance
2016-08-26 17:56:16,332 Url:https://www.cisco.com/c/en/us/products/collateral/security/email-security-appliance/eos-eol-notice-c51-734446.html
2016-08-26 17:56:16,334 Starting new HTTPS connection (1): www.cisco.com
2016-08-26 17:56:16,756 Added to Dates Table 1.       End-of-Life Milestones and Dates for the AsyncOS 8.0.1 for Cisco Email Security Appliance, and AsyncOS 8.1.1 for Cisco Content Security Management Appliance
2016-08-26 17:56:16,763 Added to Devices Table 2.       Product Part Numbers Affected by This Announcement  
2016-08-26 17:56:16,766 This page have 1 dv dt pairs
2016-08-26 17:56:16,767 Device title Table 2.       Product Part Numbers Affected by This Announcement  
2016-08-26 17:56:16,768 Assosiate dates title Table 1.       End-of-Life Milestones and Dates for the AsyncOS 8.0.1 for Cisco Email Security Appliance, and AsyncOS 8.1.1 for Cisco Content Security Management Appliance
2016-08-26 17:56:16,769 Adding pn to dictionary
2016-08-26 17:56:16,769 pn:SF-ESA-8.0.1-K9
2016-08-26 17:56:16,769 pn:SF-SMA-8.1.1-K9
2016-08-26 17:56:16,769 167
2016-08-26 17:56:16,770 
2016-08-26 17:56:16,770 Title:End-of-Sale and End-of-Life Announcement for the AsyncOS 7.8 and 8.5.x for the Cisco Email Security Appliance and AsyncOS 9.0.x and 9.1.x for the Cisco Content Security Management Appliance
2016-08-26 17:56:16,771 Url:https://www.cisco.com/c/en/us/products/collateral/security/email-security-appliance/eos-eol-notice-c51-737629.html
2016-08-26 17:56:16,773 Starting new HTTPS connection (1): www.cisco.com
2016-08-26 17:56:17,255 Added to Dates Table 1.       End-of-Life Milestones and Dates for the AsyncOS 7.8 and 8.5.x for the Cisco Email Security Appliance and AsyncOS 9.0.x and 9.1.x for the Cisco Content Security Management Appliance
2016-08-26 17:56:17,268 Added to Devices Table 2.       Product Part Numbers Affected by This Announcement
2016-08-26 17:56:17,271 This page have 1 dv dt pairs
2016-08-26 17:56:17,272 Device title Table 2.       Product Part Numbers Affected by This Announcement
2016-08-26 17:56:17,273 Assosiate dates title Table 1.       End-of-Life Milestones and Dates for the AsyncOS 7.8 and 8.5.x for the Cisco Email Security Appliance and AsyncOS 9.0.x and 9.1.x for the Cisco Content Security Management Appliance
2016-08-26 17:56:17,274 Adding pn to dictionary
2016-08-26 17:56:17,275 pn:SF-ESA-7.8.0-K9
2016-08-26 17:56:17,275 pn:SF-ESA-8.5.6-K9
2016-08-26 17:56:17,275 pn:SF-ESA-8.5.7-K9
2016-08-26 17:56:17,276 pn:SF-SMA-9.0.0-K9
2016-08-26 17:56:17,276 pn:SF-SMA-9.1.0-K9
2016-08-26 17:56:17,276 pn:SF-SMA-9.1.1-K9
2016-08-26 17:56:17,277 pn:SF-SMA-9.1.2-K9
2016-08-26 17:56:17,277 174
2016-08-26 17:56:17,278 
2016-08-26 17:56:17,279 Parsing Cisco 3000 Series Industrial Security Appliances (ISA)
2016-08-26 17:56:17,281 Starting new HTTPS connection (1): www.cisco.com
2016-08-26 17:56:18,137 No End-of-Sale for Cisco 3000 Series Industrial Security Appliances (ISA)
2016-08-26 17:56:18,138  
2016-08-26 17:56:18,138 Parsing Cisco Meraki Cloud Managed Security Appliances
2016-08-26 17:56:18,140 Starting new HTTPS connection (1): www.cisco.com
2016-08-26 17:56:18,531 Starting new HTTPS connection (1): meraki.cisco.com
2016-08-26 17:56:20,042 No End-of-Sale for Cisco Meraki Cloud Managed Security Appliances
2016-08-26 17:56:20,042  
2016-08-26 17:56:20,043 Parsing Cisco SSL Appliances
2016-08-26 17:56:20,045 Starting new HTTPS connection (1): www.cisco.com
2016-08-26 17:56:20,467 No End-of-Sale for Cisco SSL Appliances
2016-08-26 17:56:20,468  
2016-08-26 17:56:20,468 Parsing Cisco Security Packet Analyzer
2016-08-26 17:56:20,470 Starting new HTTPS connection (1): www.cisco.com
2016-08-26 17:56:21,266 No End-of-Sale for Cisco Security Packet Analyzer
2016-08-26 17:56:21,267  
2016-08-26 17:56:21,267 Parsing Cisco Stealthwatch
2016-08-26 17:56:21,270 Starting new HTTPS connection (1): www.cisco.com
2016-08-26 17:56:21,681 Found some End-of-Sale listing
2016-08-26 17:56:21,682 url:https://www.cisco.com/c/en/us/products/security/stealthwatch/eos-eol-notice-listing.html
2016-08-26 17:56:21,684 Starting new HTTPS connection (1): www.cisco.com
2016-08-26 17:56:22,076 Title:End-of-Sale and End-of-Life Announcement for the Lancope Professional Services
2016-08-26 17:56:22,077 Url:https://www.cisco.com/c/en/us/products/collateral/security/stealthwatch/eos-eol-notice-c51-737766.html
2016-08-26 17:56:22,079 Starting new HTTPS connection (1): www.cisco.com
2016-08-26 17:56:22,562 Added to Dates Table 1.       End-of-Life Milestones and Dates for the Lancope Professional Services
2016-08-26 17:56:22,645 Added to Devices Table 2.       Product Part Numbers Affected by This Announcement
2016-08-26 17:56:22,648 This page have 1 dv dt pairs
2016-08-26 17:56:22,649 Device title Table 2.       Product Part Numbers Affected by This Announcement
2016-08-26 17:56:22,654 Assosiate dates title Table 1.       End-of-Life Milestones and Dates for the Lancope Professional Services
2016-08-26 17:56:22,656 Adding pn to dictionary
2016-08-26 17:56:22,656 pn:L-LC-AUTOMATION
2016-08-26 17:56:22,656 pn:L-LC-AUTOMATION=
2016-08-26 17:56:22,657 pn:L-LC-CHECKTUNE
2016-08-26 17:56:22,657 pn:L-LC-CHECKTUNE=
2016-08-26 17:56:22,657 pn:L-LC-INITIAL
2016-08-26 17:56:22,658 pn:L-LC-INITIAL=
2016-08-26 17:56:22,658 pn:L-LC-PROXY
2016-08-26 17:56:22,658 pn:L-LC-PROXY=
2016-08-26 17:56:22,658 pn:L-LC-SYSTINSTALL
2016-08-26 17:56:22,658 pn:L-LC-SYSTINSTALL=
2016-08-26 17:56:22,659 pn:LC-AUTOMATION
2016-08-26 17:56:22,659 pn:LC-CHECKTUNE
2016-08-26 17:56:22,659 pn:LC-INITIAL=
2016-08-26 17:56:22,659 pn:LC-INSTALL-FC5K
2016-08-26 17:56:22,660 pn:LC-INTIAL
2016-08-26 17:56:22,660 pn:LC-PROXY
2016-08-26 17:56:22,660 pn:LC-SYSTINSTALL
2016-08-26 17:56:22,660 191
2016-08-26 17:56:22,660 
2016-08-26 17:56:22,661 Title:End-of-Sale and End-of-Life Announcement for the Lancope StealthWatch FC 5000, ID1100, and Related Products
2016-08-26 17:56:22,661 Url:https://www.cisco.com/c/en/us/products/collateral/security/stealthwatch/eos-eol-notice-c51-737620.html
2016-08-26 17:56:22,664 Starting new HTTPS connection (1): www.cisco.com
2016-08-26 17:56:23,159 Added to Dates Table 1.       End-of-Life Milestones and Dates for the Lancope StealthWatch FC 5000, ID1100, and Related Products
2016-08-26 17:56:23,180 Added to Devices Table 2.       Product Part Numbers Affected by This Announcement
2016-08-26 17:56:23,183 This page have 1 dv dt pairs
2016-08-26 17:56:23,183 Device title Table 2.       Product Part Numbers Affected by This Announcement
2016-08-26 17:56:23,185 Assosiate dates title Table 1.       End-of-Life Milestones and Dates for the Lancope StealthWatch FC 5000, ID1100, and Related Products
2016-08-26 17:56:23,187 Adding pn to dictionary
2016-08-26 17:56:23,187 pn:CON-FC-NF-5K
2016-08-26 17:56:23,188 pn:CON-FC5K-U
2016-08-26 17:56:23,188 pn:CON-ID-1100-VE
2016-08-26 17:56:23,188 pn:LC-FC-5000-NFU-K9D
2016-08-26 17:56:23,189 pn:LC-FC-5000-NFU-K9E
2016-08-26 17:56:23,189 pn:LC-FC-5010-NF-K9-D
2016-08-26 17:56:23,189 pn:LC-FC-5010-NF-K9-E
2016-08-26 17:56:23,190 pn:LC-FC-5010-NFU-K9D
2016-08-26 17:56:23,190 pn:LC-FC-5010-NFU-K9E
2016-08-26 17:56:23,190 pn:LC-FC-NF-5000-K9
2016-08-26 17:56:23,190 pn:LC-FC-NF5K-K9-D
2016-08-26 17:56:23,191 pn:LC-FC-NF5K-K9-E
2016-08-26 17:56:23,191 pn:LC-ID-1100-K9
2016-08-26 17:56:23,191 204
2016-08-26 17:56:23,191 
2016-08-26 17:56:23,191 Title:End-of-Sale and End-of-Life Announcement for the Cisco Stealthwatch Software Version 6.6
2016-08-26 17:56:23,192 Url:https://www.cisco.com/c/en/us/products/collateral/security/stealthwatch/eos-eol-notice-c51-737538.html
2016-08-26 17:56:23,194 Starting new HTTPS connection (1): www.cisco.com
2016-08-26 17:56:23,652 Added to Dates Table 1.       End-of-Life Milestones and Dates for the Cisco Stealthwatch Software Version 6.6
2016-08-26 17:56:23,663 Added to Devices Table 2.       Product Part Numbers Affected by This Announcement
2016-08-26 17:56:23,666 This page have 1 dv dt pairs
2016-08-26 17:56:23,667 Device title Table 2.       Product Part Numbers Affected by This Announcement
2016-08-26 17:56:23,668 Assosiate dates title Table 1.       End-of-Life Milestones and Dates for the Cisco Stealthwatch Software Version 6.6
2016-08-26 17:56:23,669 Adding pn to dictionary
2016-08-26 17:56:23,669 pn:SF-FC5KD-6.6-K9
2016-08-26 17:56:23,669 pn:SF-FC5KE-6.6-K9
2016-08-26 17:56:23,669 pn:SF-SW-FC-6.6-K9
2016-08-26 17:56:23,670 pn:SF-SW-FS-6.6-K9
2016-08-26 17:56:23,670 pn:SF-SW-SMC-6.6-K9
2016-08-26 17:56:23,670 pn:SF-SW-UDPD-6.6-K9
2016-08-26 17:56:23,670 210
2016-08-26 17:56:23,671 
2016-08-26 17:56:23,671 Parsing Cisco Stealthwatch Learning Network License
2016-08-26 17:56:23,674 Starting new HTTPS connection (1): www.cisco.com
2016-08-26 17:56:24,167 No End-of-Sale for Cisco Stealthwatch Learning Network License
2016-08-26 17:56:24,167  
2016-08-26 17:56:24,167 Parsing Cisco FirePOWER 8000 Series Appliances
2016-08-26 17:56:24,170 Starting new HTTPS connection (1): www.cisco.com
2016-08-26 17:56:24,579 Found some End-of-Sale listing
2016-08-26 17:56:24,580 url:https://www.cisco.com/c/en/us/products/security/firepower-8000-series-appliances/eos-eol-notice-listing.html
2016-08-26 17:56:24,582 Starting new HTTPS connection (1): www.cisco.com
2016-08-26 17:56:25,012 Title:End-of-Sale and End-of-Life Announcement for the Cisco FirePOWER Software v5.3 and v5.3.1 and FireSIGHT Management Center Software v5.3 and v5.3.1
2016-08-26 17:56:25,012 Url:https://www.cisco.com/c/en/us/products/collateral/security/asa-5500-series-next-generation-firewalls/eos-eol-notice-c51-736112.html
2016-08-26 17:56:25,014 Starting new HTTPS connection (1): www.cisco.com
2016-08-26 17:56:25,455 Added to Dates Table 1.       End-of-Life Milestones and Dates for the Cisco FirePOWER Software v5.3 and v5.3.1 and FireSIGHT Management Center Software v5.3 and v5.3.1
2016-08-26 17:56:25,464 Added to Devices Table 2.       Product Part Numbers Affected by This Announcement
2016-08-26 17:56:25,468 This page have 1 dv dt pairs
2016-08-26 17:56:25,468 Device title Table 2.       Product Part Numbers Affected by This Announcement
2016-08-26 17:56:25,469 Assosiate dates title Table 1.       End-of-Life Milestones and Dates for the Cisco FirePOWER Software v5.3 and v5.3.1 and FireSIGHT Management Center Software v5.3 and v5.3.1
2016-08-26 17:56:25,470 Adding pn to dictionary
2016-08-26 17:56:25,470 pn:SF-FP5.3-K9
2016-08-26 17:56:25,470 pn:SF-FP5.3.1-K9
2016-08-26 17:56:25,470 pn:SF-FS5.3-K9
2016-08-26 17:56:25,471 pn:SF-FS5.3.1-K9
2016-08-26 17:56:25,471 214
2016-08-26 17:56:25,471 
2016-08-26 17:56:25,471 Title:End-of-Sale and End-of-Life Announcement for the Cisco FirePOWER Appliance 8250 AC and DC Power Supplies
2016-08-26 17:56:25,472 Url:https://www.cisco.com/c/en/us/products/collateral/security/firepower-8000-series-appliances/eos-eol-notice-c51-735948.html
2016-08-26 17:56:25,476 Starting new HTTPS connection (1): www.cisco.com
2016-08-26 17:56:25,934 Added to Dates Table 1.       End-of-Life Milestones and Dates for the  Cisco FirePOWER Appliance 8250 AC and DC Power Supplies
2016-08-26 17:56:25,939 Added to Devices Table 2.       Product Part Numbers Affected by This Announcement
2016-08-26 17:56:25,943 This page have 1 dv dt pairs
2016-08-26 17:56:25,943 Device title Table 2.       Product Part Numbers Affected by This Announcement
2016-08-26 17:56:25,945 Assosiate dates title Table 1.       End-of-Life Milestones and Dates for the  Cisco FirePOWER Appliance 8250 AC and DC Power Supplies
2016-08-26 17:56:25,947 Adding pn to dictionary
2016-08-26 17:56:25,947 pn:FP-PWR-AC-750W
2016-08-26 17:56:25,948 pn:FP-PWR-AC-750W-
2016-08-26 17:56:25,948 pn:FP-PWR-AC-750W=
2016-08-26 17:56:25,948 pn:FP-PWR-DC-750W
2016-08-26 17:56:25,949 pn:FP-PWR-DC-750W=
2016-08-26 17:56:25,949 219
2016-08-26 17:56:25,949 
2016-08-26 17:56:25,950 Title:End-of-Sale and End-of-Life Announcement for the Cisco FirePOWER 8200 Series Appliances— 3-Year Subscriptions
2016-08-26 17:56:25,950 Url:https://www.cisco.com/c/en/us/products/collateral/security/firepower-8000-series-appliances/eos-eol-notice-c51-734291.html
2016-08-26 17:56:25,953 Starting new HTTPS connection (1): www.cisco.com
2016-08-26 17:56:26,414 Added to Dates Table 1.       End-of-Life Milestones and Dates for the Cisco FirePOWER 8200 Series Appliances—3-Year Subscriptions
2016-08-26 17:56:26,450 Added to Devices Table 2.       Product Part Numbers Affected by This Announcement
2016-08-26 17:56:26,454 This page have 1 dv dt pairs
2016-08-26 17:56:26,455 Device title Table 2.       Product Part Numbers Affected by This Announcement
2016-08-26 17:56:26,458 Assosiate dates title Table 1.       End-of-Life Milestones and Dates for the Cisco FirePOWER 8200 Series Appliances—3-Year Subscriptions
2016-08-26 17:56:26,459 Adding pn to dictionary
2016-08-26 17:56:26,459 pn:FP8250-AMP-3Y
2016-08-26 17:56:26,459 pn:FP8250-TA-3Y
2016-08-26 17:56:26,460 pn:FP8250-TAC-3Y
2016-08-26 17:56:26,460 pn:FP8250-TAM-3Y
2016-08-26 17:56:26,461 pn:FP8250-TAMC-3Y
2016-08-26 17:56:26,461 pn:FP8250-URL-3Y
2016-08-26 17:56:26,461 pn:FP8260-AMP-3Y
2016-08-26 17:56:26,461 pn:FP8260-TA-3Y
2016-08-26 17:56:26,462 pn:FP8260-TAC-3Y
2016-08-26 17:56:26,462 pn:FP8260-TAM-3Y
2016-08-26 17:56:26,462 pn:FP8260-TAMC-3Y
2016-08-26 17:56:26,462 pn:FP8260-URL-3Y
2016-08-26 17:56:26,463 pn:FP8270-AMP-3Y
2016-08-26 17:56:26,463 pn:FP8270-TA-3Y
2016-08-26 17:56:26,468 pn:FP8270-TAC-3Y
2016-08-26 17:56:26,468 pn:FP8270-TAM-3Y
2016-08-26 17:56:26,468 pn:FP8270-TAMC-3Y
2016-08-26 17:56:26,468 pn:FP8270-URL-3Y
2016-08-26 17:56:26,469 pn:FP8290-AMP-3Y
2016-08-26 17:56:26,469 pn:FP8290-TA-3Y
2016-08-26 17:56:26,469 pn:FP8290-TAC-3Y
2016-08-26 17:56:26,469 pn:FP8290-TAM-3Y
2016-08-26 17:56:26,470 pn:FP8290-TAMC-3Y
2016-08-26 17:56:26,470 pn:FP8290-URL-3Y
2016-08-26 17:56:26,470 243
2016-08-26 17:56:26,470 
2016-08-26 17:56:26,477 Title:End-of-Sale and End-of-Life Announcement for the Cisco FirePOWER 8200 Series Appliances
2016-08-26 17:56:26,478 Url:https://www.cisco.com/c/en/us/products/collateral/security/firepower-8000-series-appliances/eos-eol-notice-c51-734307.html
2016-08-26 17:56:26,480 Starting new HTTPS connection (1): www.cisco.com
2016-08-26 17:56:27,055 Added to Dates Table 1.       End-of-Life Milestones and Dates for the Cisco FirePOWER 8200 Series Appliances
2016-08-26 17:56:27,074 Added to Devices Table 2.       Product Part Numbers Affected by This Announcement
2016-08-26 17:56:27,078 This page have 1 dv dt pairs
2016-08-26 17:56:27,079 Device title Table 2.       Product Part Numbers Affected by This Announcement
2016-08-26 17:56:27,081 Assosiate dates title Table 1.       End-of-Life Milestones and Dates for the Cisco FirePOWER 8200 Series Appliances
2016-08-26 17:56:27,082 Adding pn to dictionary
2016-08-26 17:56:27,082 pn:FP8200-STACK
2016-08-26 17:56:27,082 pn:FP8200-STACK-K9
2016-08-26 17:56:27,082 pn:FP8200-STACK-K9=
2016-08-26 17:56:27,083 pn:FP8250-BASE-K9
2016-08-26 17:56:27,083 pn:FP8250-BUN
2016-08-26 17:56:27,083 pn:FP8250-K9
2016-08-26 17:56:27,084 pn:FP8260-BUN
2016-08-26 17:56:27,084 pn:FP8260-K9
2016-08-26 17:56:27,084 pn:FP8270-BUN
2016-08-26 17:56:27,084 pn:FP8270-K9
2016-08-26 17:56:27,085 pn:FP8290-BUN
2016-08-26 17:56:27,085 pn:FP8290-K9
2016-08-26 17:56:27,086 255
2016-08-26 17:56:27,086 
2016-08-26 17:56:27,086 Parsing Cisco FirePOWER 7000 Series Appliances
2016-08-26 17:56:27,088 Starting new HTTPS connection (1): www.cisco.com
2016-08-26 17:56:27,512 Found some End-of-Sale listing
2016-08-26 17:56:27,513 url:https://www.cisco.com/c/en/us/products/security/firepower-7000-series-appliances/eos-eol-notice-listing.html
2016-08-26 17:56:27,516 Starting new HTTPS connection (1): www.cisco.com
2016-08-26 17:56:27,953 Title:End-of-Sale and End-of-Life Announcement for the Cisco FirePOWER Software v5.3 and v5.3.1 and FireSIGHT Management Center Software v5.3 and v5.3.1
2016-08-26 17:56:27,953 Url:https://www.cisco.com/c/en/us/products/collateral/security/asa-5500-series-next-generation-firewalls/eos-eol-notice-c51-736112.html
2016-08-26 17:56:27,954 This one was parsed before.Skiping
2016-08-26 17:56:27,954  
2016-08-26 17:56:27,954 Parsing Cisco Firepower Management Center
2016-08-26 17:56:27,957 Starting new HTTPS connection (1): www.cisco.com
2016-08-26 17:56:28,397 No End-of-Sale for Cisco Firepower Management Center
2016-08-26 17:56:28,398  
2016-08-26 17:56:28,398 Parsing Cisco Adaptive Security Device Manager
2016-08-26 17:56:28,400 Starting new HTTPS connection (1): www.cisco.com
2016-08-26 17:56:28,808 No End-of-Sale for Cisco Adaptive Security Device Manager
2016-08-26 17:56:28,808  
2016-08-26 17:56:28,808 Parsing Cisco Content Security Management Appliance
2016-08-26 17:56:28,811 Starting new HTTPS connection (1): www.cisco.com
2016-08-26 17:56:29,217 Found some End-of-Sale listing
2016-08-26 17:56:29,217 url:https://www.cisco.com/c/en/us/products/security/content-security-management-appliance/eos-eol-notice-listing.html
2016-08-26 17:56:29,220 Starting new HTTPS connection (1): www.cisco.com
2016-08-26 17:56:29,640 Title:End-of-Sale and End-of-Life Announcement for the Cisco x170 and x80 Email, Web, and Content Security Management Hardware Appliances
2016-08-26 17:56:29,641 Url:https://www.cisco.com/c/en/us/products/collateral/security/web-security-appliance/eos-eol-notice-c51-737103.html
2016-08-26 17:56:29,641 This one was parsed before.Skiping
2016-08-26 17:56:29,642  
2016-08-26 17:56:29,642 Title:End-of-Sale and End-of-Life Announcement for the Cisco x170 and x80 Email, Web, and Content Security Management Accessories
2016-08-26 17:56:29,642 Url:https://www.cisco.com/c/en/us/products/collateral/security/web-security-appliance/eos-eol-notice-c51-737158.html
2016-08-26 17:56:29,643 This one was parsed before.Skiping
2016-08-26 17:56:29,643  
2016-08-26 17:56:29,643 Title:End-of-Sale and End-of-Life Announcement for the AsyncOS 8.0.1 for Cisco Email Security Appliance, and AsyncOS 8.1.1 for Cisco Content Security Management Appliance
2016-08-26 17:56:29,644 Url:https://www.cisco.com/c/en/us/products/collateral/security/email-security-appliance/eos-eol-notice-c51-734446.html
2016-08-26 17:56:29,644 This one was parsed before.Skiping
2016-08-26 17:56:29,644  
2016-08-26 17:56:29,645 Title:End-of-Sale and End-of-Life Announcement for the AsyncOS 7.9.x for the Cisco Content Security Management Appliance
2016-08-26 17:56:29,645 Url:https://www.cisco.com/c/en/us/products/collateral/security/email-security-appliance/eos-eol-notice-c51-732962.html
2016-08-26 17:56:29,648 Starting new HTTPS connection (1): www.cisco.com
2016-08-26 17:56:30,090 Added to Dates Table 1. End-of-Life Milestones and Dates for the AsyncOS 7.9.x for the Cisco Content Security Management Appliance
2016-08-26 17:56:30,095 Added to Devices Table 2. Product Part Numbers Affected by This Announcement
2016-08-26 17:56:30,101 This page have 1 dv dt pairs
2016-08-26 17:56:30,101 Device title Table 2. Product Part Numbers Affected by This Announcement
2016-08-26 17:56:30,103 Assosiate dates title Table 1. End-of-Life Milestones and Dates for the AsyncOS 7.9.x for the Cisco Content Security Management Appliance
2016-08-26 17:56:30,104 Adding pn to dictionary
2016-08-26 17:56:30,104 pn:SF-SMA-7.9.0-K9
2016-08-26 17:56:30,105 pn:SF-SMA-7.9.1-K9
2016-08-26 17:56:30,105 257
2016-08-26 17:56:30,105 
2016-08-26 17:56:30,106 Title:End-of-Sale and End-of-Life Announcement for the Cisco Email, Web, and Security Management x70 Accessories
2016-08-26 17:56:30,106 Url:https://www.cisco.com/c/en/us/products/collateral/security/email-security-appliance/eos-eol-notice-c51-730835.html
2016-08-26 17:56:30,106 This one was parsed before.Skiping
2016-08-26 17:56:30,106  
2016-08-26 17:56:30,107 Title:End-of-Sale and End-of-Life Announcement for the Cisco Email, Web, and Security Management x70 Appliances
2016-08-26 17:56:30,107 Url:https://www.cisco.com/c/en/us/products/collateral/security/email-security-appliance/eos-eol-notice-c51-730832.html
2016-08-26 17:56:30,107 This one was parsed before.Skiping
2016-08-26 17:56:30,107  
2016-08-26 17:56:30,108 Parsing Cisco Defense Orchestrator
2016-08-26 17:56:30,110 Starting new HTTPS connection (1): www.cisco.com
2016-08-26 17:56:30,842 No End-of-Sale for Cisco Defense Orchestrator
2016-08-26 17:56:30,842  
2016-08-26 17:56:30,843 Parsing Cisco Defense Orchestrator
2016-08-26 17:56:30,845 Starting new HTTPS connection (1): www.cisco.com
2016-08-26 17:56:31,050 No End-of-Sale for Cisco Defense Orchestrator
2016-08-26 17:56:31,050  
2016-08-26 17:56:31,051 Parsing Cisco Firepower Management Center
2016-08-26 17:56:31,054 Starting new HTTPS connection (1): www.cisco.com
2016-08-26 17:56:31,251 No End-of-Sale for Cisco Firepower Management Center
2016-08-26 17:56:31,251  
2016-08-26 17:56:31,252 Parsing Cisco Security Manager
2016-08-26 17:56:31,254 Starting new HTTPS connection (1): www.cisco.com
2016-08-26 17:56:31,660 Found some End-of-Sale listing
2016-08-26 17:56:31,661 url:https://www.cisco.com/c/en/us/products/security/security-manager/eos-eol-notice-listing.html
2016-08-26 17:56:31,663 Starting new HTTPS connection (1): www.cisco.com
2016-08-26 17:56:32,104 Title:End-of-Sale and End-of-Life Announcement for the Cisco Security Manager 4.8
2016-08-26 17:56:32,104 Url:https://www.cisco.com/c/en/us/products/collateral/security/security-manager/eos-eol-notice-c51-737286.html
2016-08-26 17:56:32,107 Starting new HTTPS connection (1): www.cisco.com
2016-08-26 17:56:33,400 Added to Dates Table 1.       End-of-Life Milestones and Dates for the Cisco Security Manager 4.8
2016-08-26 17:56:33,446 Added to Devices Table 2.       Product Part Numbers Affected by This Announcement
2016-08-26 17:56:33,452 This page have 1 dv dt pairs
2016-08-26 17:56:33,452 Device title Table 2.       Product Part Numbers Affected by This Announcement
2016-08-26 17:56:33,456 Assosiate dates title Table 1.       End-of-Life Milestones and Dates for the Cisco Security Manager 4.8
2016-08-26 17:56:33,458 Adding pn to dictionary
2016-08-26 17:56:33,458 pn:CSMP100-4.8-M-K9
2016-08-26 17:56:33,459 pn:CSMP250-4.8-M-K9
2016-08-26 17:56:33,459 pn:CSMPR100-4.8-K9
2016-08-26 17:56:33,459 pn:CSMPR250-4.8-K9
2016-08-26 17:56:33,460 pn:CSMPR50-4.8-K9
2016-08-26 17:56:33,460 pn:CSMPR50-4.8-M-K9
2016-08-26 17:56:33,460 pn:CSMST10-4.8-K9
2016-08-26 17:56:33,460 pn:CSMST10-4.8-M-K9
2016-08-26 17:56:33,461 pn:CSMST25-4.8-K9
2016-08-26 17:56:33,461 pn:CSMST25-4.8-M-K9
2016-08-26 17:56:33,461 pn:CSMST5-4.8-K9
2016-08-26 17:56:33,462 pn:CSMST5-4.8-M-K9
2016-08-26 17:56:33,462 pn:CSMSTPR-U-4.8-K9
2016-08-26 17:56:33,462 pn:L-CSMP100-4.8-M-K9
2016-08-26 17:56:33,462 pn:L-CSMP250-4.8-M-K9
2016-08-26 17:56:33,463 pn:L-CSMPR100-4.8-K9
2016-08-26 17:56:33,463 pn:L-CSMPR250-4.8-K9
2016-08-26 17:56:33,463 pn:L-CSMPR50-4.8-K9
2016-08-26 17:56:33,464 pn:L-CSMPR50-4.8-M-K9
2016-08-26 17:56:33,464 pn:L-CSMST10-4.8-K9
2016-08-26 17:56:33,464 pn:L-CSMST10-4.8-M-K9
2016-08-26 17:56:33,464 pn:L-CSMST25-4.8-K9
2016-08-26 17:56:33,465 pn:L-CSMST25-4.8-M-K9
2016-08-26 17:56:33,468 pn:L-CSMST5-4.8-K9
2016-08-26 17:56:33,468 pn:L-CSMST5-4.8-M-K9
2016-08-26 17:56:33,468 pn:L-CSMSTPR-U-4.8-K9
2016-08-26 17:56:33,469 283
2016-08-26 17:56:33,469 
2016-08-26 17:56:33,469 Title:End-of-Sale and End-of-Life Announcement for the Cisco Security Manager 4.7
2016-08-26 17:56:33,469 Url:https://www.cisco.com/c/en/us/products/collateral/security/security-manager/eos-eol-notice-c51-737285.html
2016-08-26 17:56:33,473 Starting new HTTPS connection (1): www.cisco.com
2016-08-26 17:56:33,919 Added to Dates Table 1.       End-of-Life Milestones and Dates for the Cisco Security Manager 4.7
2016-08-26 17:56:33,958 Added to Devices Table 2.       Product Part Numbers Affected by This Announcement
2016-08-26 17:56:33,961 This page have 1 dv dt pairs
2016-08-26 17:56:33,962 Device title Table 2.       Product Part Numbers Affected by This Announcement
2016-08-26 17:56:33,967 Assosiate dates title Table 1.       End-of-Life Milestones and Dates for the Cisco Security Manager 4.7
2016-08-26 17:56:33,968 Adding pn to dictionary
2016-08-26 17:56:33,968 pn:CSMP100-4.7-M-K9
2016-08-26 17:56:33,969 pn:CSMP250-4.7-M-K9
2016-08-26 17:56:33,969 pn:CSMPR100-4.7-K9
2016-08-26 17:56:33,969 pn:CSMPR250-4.7-K9
2016-08-26 17:56:33,970 pn:CSMPR50-4.7-K9
2016-08-26 17:56:33,970 pn:CSMPR50-4.7-M-K9
2016-08-26 17:56:33,970 pn:CSMST10-4.7-K9
2016-08-26 17:56:33,971 pn:CSMST10-4.7-M-K9
2016-08-26 17:56:33,971 pn:CSMST25-4.7-K9
2016-08-26 17:56:33,971 pn:CSMST25-4.7-M-K9
2016-08-26 17:56:33,972 pn:CSMST5-4.7-K9
2016-08-26 17:56:33,972 pn:CSMST5-4.7-M-K9
2016-08-26 17:56:33,972 pn:CSMSTPR-U-4.7-K9
2016-08-26 17:56:33,973 pn:L-CSMP100-4.7-M-K9
2016-08-26 17:56:33,973 pn:L-CSMP250-4.7-M-K9
2016-08-26 17:56:33,974 pn:L-CSMPR100-4.7-K9
2016-08-26 17:56:33,974 pn:L-CSMPR250-4.7-K9
2016-08-26 17:56:33,974 pn:L-CSMPR50-4.7-K9
2016-08-26 17:56:33,975 pn:L-CSMPR50-4.7-M-K9
2016-08-26 17:56:33,975 pn:L-CSMST10-4.7-K9
2016-08-26 17:56:33,976 pn:L-CSMST10-4.7-M-K9
2016-08-26 17:56:33,976 pn:L-CSMST25-4.7-K9
2016-08-26 17:56:33,977 pn:L-CSMST25-4.7-M-K9
2016-08-26 17:56:33,977 pn:L-CSMST5-4.7-K9
2016-08-26 17:56:33,977 pn:L-CSMST5-4.7-M-K9
2016-08-26 17:56:33,978 pn:L-CSMSTPR-U-4.7-K9
2016-08-26 17:56:33,978 309
2016-08-26 17:56:33,979 
2016-08-26 17:56:33,979 Title:End-of-Sale and End-of-Life Announcement for the Cisco Security Manager UCS Bundles
2016-08-26 17:56:33,980 Url:https://www.cisco.com/c/en/us/products/collateral/security/security-manager/eos-eol-notice-c51-737284.html
2016-08-26 17:56:33,984 Starting new HTTPS connection (1): www.cisco.com
2016-08-26 17:56:34,491 Added to Dates Table 1.       End-of-Life Milestones and Dates for the Cisco Security Manager UCS Bundles
2016-08-26 17:56:34,509 Added to Devices Table 2.       Product Part Numbers Affected by This Announcement
2016-08-26 17:56:34,512 This page have 1 dv dt pairs
2016-08-26 17:56:34,513 Device title Table 2.       Product Part Numbers Affected by This Announcement
2016-08-26 17:56:34,514 Assosiate dates title Table 1.       End-of-Life Milestones and Dates for the Cisco Security Manager UCS Bundles
2016-08-26 17:56:34,516 Adding pn to dictionary
2016-08-26 17:56:34,516 pn:CSM-CPU-E5-22640
2016-08-26 17:56:34,516 pn:CSM-CPU-E5-2630B
2016-08-26 17:56:34,516 pn:CSM-CPU-E5-2640
2016-08-26 17:56:34,517 pn:CSM-DVD-RW
2016-08-26 17:56:34,517 pn:CSM-HDD-500GBGC3
2016-08-26 17:56:34,517 pn:CSM-HDD-500GBGC3=
2016-08-26 17:56:34,517 pn:CSM-MR-1X041RX-A
2016-08-26 17:56:34,518 pn:CSM-MR-1X041RY-A
2016-08-26 17:56:34,518 pn:CSM-PSU-650W
2016-08-26 17:56:34,518 pn:CSM-PSU-650W=
2016-08-26 17:56:34,518 pn:CSM-RAID-9271
2016-08-26 17:56:34,518 pn:CSM150-41-W2008ER2
2016-08-26 17:56:34,519 pn:CSM150-47-W2012ER2
2016-08-26 17:56:34,519 pn:CSM4-UCS2-150-HW
2016-08-26 17:56:34,519 pn:CSM4-UCS2-150-K9
2016-08-26 17:56:34,519 pn:CSM4-UCS2-150-SW
2016-08-26 17:56:34,520 pn:CSM4-UCS2-150-SW47
2016-08-26 17:56:34,520 pn:CSM4-UCS2-50-HW
2016-08-26 17:56:34,520 pn:CSM4-UCS2-50-K9
2016-08-26 17:56:34,520 pn:CSM4-UCS2-50-SW
2016-08-26 17:56:34,520 pn:CSM4-UCS2-50-SW-47
2016-08-26 17:56:34,520 pn:CSM50-41-W2008ER2
2016-08-26 17:56:34,521 pn:CSM50-47-W2012ER2
2016-08-26 17:56:34,521 pn:CSMUCS150-43
2016-08-26 17:56:34,521 pn:CSMUCS150-47
2016-08-26 17:56:34,521 pn:CSMUCS50-43
2016-08-26 17:56:34,521 pn:CSMUCS50-47
2016-08-26 17:56:34,522 336
2016-08-26 17:56:34,522 
2016-08-26 17:56:34,522 Title:End-of-Sale and End-of-Life Announcement for the Cisco Security Manager 4.6
2016-08-26 17:56:34,522 Url:https://www.cisco.com/c/en/us/products/collateral/security/security-manager/eos-eol-notice-c51-735621.html
2016-08-26 17:56:34,528 Starting new HTTPS connection (1): www.cisco.com
2016-08-26 17:56:35,007 Added to Dates Table 1.       End-of-Life Milestones and Dates for the Cisco Security Manager 4.6
2016-08-26 17:56:35,046 Added to Devices Table 2.       Product Part Numbers Affected by This Announcement
2016-08-26 17:56:35,049 This page have 1 dv dt pairs
2016-08-26 17:56:35,050 Device title Table 2.       Product Part Numbers Affected by This Announcement
2016-08-26 17:56:35,053 Assosiate dates title Table 1.       End-of-Life Milestones and Dates for the Cisco Security Manager 4.6
2016-08-26 17:56:35,054 Adding pn to dictionary
2016-08-26 17:56:35,054 pn:CSMP100-4.6-M-K9
2016-08-26 17:56:35,054 pn:CSMP250-4.6-M-K9
2016-08-26 17:56:35,055 pn:CSMPR100-4.6-K9
2016-08-26 17:56:35,055 pn:CSMPR250-4.6-K9
2016-08-26 17:56:35,055 pn:CSMPR50-4.6-K9
2016-08-26 17:56:35,056 pn:CSMPR50-4.6-M-K9
2016-08-26 17:56:35,056 pn:CSMST10-4.6-K9
2016-08-26 17:56:35,056 pn:CSMST10-4.6-M-K9
2016-08-26 17:56:35,056 pn:CSMST25-4.6-K9
2016-08-26 17:56:35,057 pn:CSMST25-4.6-M-K9
2016-08-26 17:56:35,057 pn:CSMST5-4.6-K9
2016-08-26 17:56:35,057 pn:CSMST5-4.6-M-K9
2016-08-26 17:56:35,058 pn:CSMSTPR-U-4.6-K9
2016-08-26 17:56:35,058 pn:L-CSMP100-4.6-M-K9
2016-08-26 17:56:35,058 pn:L-CSMP250-4.6-M-K9
2016-08-26 17:56:35,059 pn:L-CSMPR100-4.6-K9
2016-08-26 17:56:35,059 pn:L-CSMPR250-4.6-K9
2016-08-26 17:56:35,059 pn:L-CSMPR50-4.6-K9
2016-08-26 17:56:35,060 pn:L-CSMPR50-4.6-M-K9
2016-08-26 17:56:35,060 pn:L-CSMST10-4.6-K9
2016-08-26 17:56:35,060 pn:L-CSMST10-4.6-M-K9
2016-08-26 17:56:35,061 pn:L-CSMST25-4.6-K9
2016-08-26 17:56:35,061 pn:L-CSMST25-4.6-M-K9
2016-08-26 17:56:35,061 pn:L-CSMST5-4.6-K9
2016-08-26 17:56:35,061 pn:L-CSMST5-4.6-M-K9
2016-08-26 17:56:35,061 pn:L-CSMSTPR-U-4.6-K9
2016-08-26 17:56:35,062 362
2016-08-26 17:56:35,062 
2016-08-26 17:56:35,062 Title:End-of-Sale and End-of-Life Announcement for the Cisco Security Manager 4.4
2016-08-26 17:56:35,062 Url:https://www.cisco.com/c/en/us/products/collateral/security/security-manager/eos-eol-notice-c51-735620.html
2016-08-26 17:56:35,066 Starting new HTTPS connection (1): www.cisco.com
2016-08-26 17:56:35,532 Added to Dates Table 1.       End-of-Life Milestones and Dates for the Cisco Security Manager 4.4
2016-08-26 17:56:35,572 Added to Devices Table 2.       Product Part Numbers Affected by This Announcement
2016-08-26 17:56:35,576 This page have 1 dv dt pairs
2016-08-26 17:56:35,577 Device title Table 2.       Product Part Numbers Affected by This Announcement
2016-08-26 17:56:35,580 Assosiate dates title Table 1.       End-of-Life Milestones and Dates for the Cisco Security Manager 4.4
2016-08-26 17:56:35,581 Adding pn to dictionary
2016-08-26 17:56:35,581 pn:CSMP100-4.4-M-K9
2016-08-26 17:56:35,581 pn:CSMP250-4.4-M-K9
2016-08-26 17:56:35,581 pn:CSMPR100-4.4-K9
2016-08-26 17:56:35,582 pn:CSMPR250-4.4-K9
2016-08-26 17:56:35,582 pn:CSMPR50-4.4-K9
2016-08-26 17:56:35,582 pn:CSMPR50-4.4-M-K9
2016-08-26 17:56:35,583 pn:CSMST10-4.4-K9
2016-08-26 17:56:35,583 pn:CSMST10-4.4-M-K9
2016-08-26 17:56:35,583 pn:CSMST25-4.4-K9
2016-08-26 17:56:35,583 pn:CSMST25-4.4-M-K9
2016-08-26 17:56:35,584 pn:CSMST5-4.4-K9
2016-08-26 17:56:35,585 pn:CSMST5-4.4-M-K9
2016-08-26 17:56:35,585 pn:CSMSTPR-U-4.4-K9
2016-08-26 17:56:35,585 pn:L-CSMP100-4.4-M-K9
2016-08-26 17:56:35,586 pn:L-CSMP250-4.4-M-K9
2016-08-26 17:56:35,586 pn:L-CSMPR100-4.4-K9
2016-08-26 17:56:35,586 pn:L-CSMPR250-4.4-K9
2016-08-26 17:56:35,587 pn:L-CSMPR50-4.4-K9
2016-08-26 17:56:35,587 pn:L-CSMPR50-4.4-M-K9
2016-08-26 17:56:35,587 pn:L-CSMST10-4.4-K9
2016-08-26 17:56:35,588 pn:L-CSMST10-4.4-M-K9
2016-08-26 17:56:35,588 pn:L-CSMST25-4.4-K9
2016-08-26 17:56:35,588 pn:L-CSMST25-4.4-M-K9
2016-08-26 17:56:35,588 pn:L-CSMST5-4.4-K9
2016-08-26 17:56:35,590 pn:L-CSMST5-4.4-M-K9
2016-08-26 17:56:35,590 pn:L-CSMSTPR-U-4.4-K9
2016-08-26 17:56:35,590 388
2016-08-26 17:56:35,590 
2016-08-26 17:56:35,591 Title:End-of-Sale and End-of-Life Announcement for the Cisco Security Manager 4.3
2016-08-26 17:56:35,591 Url:https://www.cisco.com/c/en/us/products/collateral/security/security-manager/eos-eol-notice-c51-735619.html
2016-08-26 17:56:35,594 Starting new HTTPS connection (1): www.cisco.com
2016-08-26 17:56:36,142 Added to Dates Table 1.       End-of-Life Milestones and Dates for the Cisco Security Manager 4.3
2016-08-26 17:56:36,194 Added to Devices Table 2.       Product Part Numbers Affected by This Announcement
2016-08-26 17:56:36,198 This page have 1 dv dt pairs
2016-08-26 17:56:36,199 Device title Table 2.       Product Part Numbers Affected by This Announcement
2016-08-26 17:56:36,203 Assosiate dates title Table 1.       End-of-Life Milestones and Dates for the Cisco Security Manager 4.3
2016-08-26 17:56:36,205 Adding pn to dictionary
2016-08-26 17:56:36,205 pn:CSMP100-4.3-M-K9
2016-08-26 17:56:36,205 pn:CSMP250-4.3-M-K9
2016-08-26 17:56:36,206 pn:CSMPR100-4.3-K9
2016-08-26 17:56:36,206 pn:CSMPR250-4.3-K9
2016-08-26 17:56:36,206 pn:CSMPR50-4.3-K9
2016-08-26 17:56:36,207 pn:CSMPR50-4.3-M-K9
2016-08-26 17:56:36,207 pn:CSMPR50-U-4.3-K9
2016-08-26 17:56:36,207 pn:CSMST10-4.3-K9
2016-08-26 17:56:36,207 pn:CSMST10-4.3-M-K9
2016-08-26 17:56:36,208 pn:CSMST25-4.3-K9
2016-08-26 17:56:36,208 pn:CSMST25-4.3-M-K9
2016-08-26 17:56:36,208 pn:CSMST25-U-4.3-K9
2016-08-26 17:56:36,208 pn:CSMST5-4.3-K9
2016-08-26 17:56:36,209 pn:CSMST5-4.3-M-K9
2016-08-26 17:56:36,209 pn:CSMST5-U-4.3-K9
2016-08-26 17:56:36,209 pn:CSMSTPR-U-4.3-K9
2016-08-26 17:56:36,210 pn:L-CSMP100-4.3-M-K9
2016-08-26 17:56:36,210 pn:L-CSMP250-4.3-M-K9
2016-08-26 17:56:36,210 pn:L-CSMPR100-4.3-K9
2016-08-26 17:56:36,211 pn:L-CSMPR250-4.3-K9
2016-08-26 17:56:36,211 pn:L-CSMPR50-4.3-K9
2016-08-26 17:56:36,211 pn:L-CSMPR50-4.3-M-K9
2016-08-26 17:56:36,211 pn:L-CSMPR50-U-4.3-K9
2016-08-26 17:56:36,212 pn:L-CSMST10-4.3-K9
2016-08-26 17:56:36,212 pn:L-CSMST10-4.3-M-K9
2016-08-26 17:56:36,213 pn:L-CSMST25-4.3-K9
2016-08-26 17:56:36,214 pn:L-CSMST25-4.3-M-K9
2016-08-26 17:56:36,214 pn:L-CSMST25-U-4.3-K9
2016-08-26 17:56:36,214 pn:L-CSMST5-4.3-K9
2016-08-26 17:56:36,214 pn:L-CSMST5-4.3-M-K9
2016-08-26 17:56:36,215 pn:L-CSMST5-U-4.3-K9
2016-08-26 17:56:36,215 pn:L-CSMSTPR-U-4.3-K9
2016-08-26 17:56:36,215 420
2016-08-26 17:56:36,216 
2016-08-26 17:56:36,216 Title:End-of-Sale and End-of-Life Announcement for the Cisco Security Manager 4.5
2016-08-26 17:56:36,220 Url:https://www.cisco.com/c/en/us/products/collateral/security/security-manager/eos-eol-notice-c51-735618.html
2016-08-26 17:56:36,223 Starting new HTTPS connection (1): www.cisco.com
2016-08-26 17:56:36,725 Added to Dates Table 1.       End-of-Life Milestones and Dates for the Cisco Security Manager 4.5
2016-08-26 17:56:36,764 Added to Devices Table 2.       Product Part Numbers Affected by This Announcement
2016-08-26 17:56:36,768 This page have 1 dv dt pairs
2016-08-26 17:56:36,768 Device title Table 2.       Product Part Numbers Affected by This Announcement
2016-08-26 17:56:36,771 Assosiate dates title Table 1.       End-of-Life Milestones and Dates for the Cisco Security Manager 4.5
2016-08-26 17:56:36,772 Adding pn to dictionary
2016-08-26 17:56:36,772 pn:CSMP100-4.5-M-K9
2016-08-26 17:56:36,772 pn:CSMP250-4.5-M-K9
2016-08-26 17:56:36,772 pn:CSMPR100-4.5-K9
2016-08-26 17:56:36,773 pn:CSMPR250-4.5-K9
2016-08-26 17:56:36,773 pn:CSMPR50-4.5-K9
2016-08-26 17:56:36,773 pn:CSMPR50-4.5-M-K9
2016-08-26 17:56:36,774 pn:CSMST10-4.5-K9
2016-08-26 17:56:36,774 pn:CSMST10-4.5-M-K9
2016-08-26 17:56:36,774 pn:CSMST25-4.5-K9
2016-08-26 17:56:36,774 pn:CSMST25-4.5-M-K9
2016-08-26 17:56:36,774 pn:CSMST5-4.5-K9
2016-08-26 17:56:36,775 pn:CSMST5-4.5-M-K9
2016-08-26 17:56:36,775 pn:CSMSTPR-U-4.5-K9
2016-08-26 17:56:36,776 pn:L-CSMP100-4.5-M-K9
2016-08-26 17:56:36,776 pn:L-CSMP250-4.5-M-K9
2016-08-26 17:56:36,776 pn:L-CSMPR100-4.5-K9
2016-08-26 17:56:36,776 pn:L-CSMPR250-4.5-K9
2016-08-26 17:56:36,776 pn:L-CSMPR50-4.5-K9
2016-08-26 17:56:36,777 pn:L-CSMPR50-4.5-M-K9
2016-08-26 17:56:36,777 pn:L-CSMST10-4.5-K9
2016-08-26 17:56:36,778 pn:L-CSMST10-4.5-M-K9
2016-08-26 17:56:36,778 pn:L-CSMST25-4.5-K9
2016-08-26 17:56:36,778 pn:L-CSMST25-4.5-M-K9
2016-08-26 17:56:36,779 pn:L-CSMST5-4.5-K9
2016-08-26 17:56:36,779 pn:L-CSMST5-4.5-M-K9
2016-08-26 17:56:36,779 pn:L-CSMSTPR-U-4.5-K9
2016-08-26 17:56:36,779 446
2016-08-26 17:56:36,779 
2016-08-26 17:56:36,780 Title:EOL/EOS for the Cisco Security Manager 3.0
2016-08-26 17:56:36,780 Url:https://www.cisco.com/c/en/us/products/collateral/security/security-manager/prod_end-of-life_notice0900aecd8064dc5b.html
2016-08-26 17:56:36,783 Starting new HTTPS connection (1): www.cisco.com
2016-08-26 17:56:37,225 Added to Dates  Table 1. End-of-Life Milestones and Dates for the Cisco Security Manager 3.0 
2016-08-26 17:56:37,232 Added to Devices  Table 2. Product Part Numbers Affected by This Announcement 
2016-08-26 17:56:37,236 This page have 1 dv dt pairs
2016-08-26 17:56:37,236 Device title  Table 2. Product Part Numbers Affected by This Announcement 
2016-08-26 17:56:37,237 Assosiate dates title  Table 1. End-of-Life Milestones and Dates for the Cisco Security Manager 3.0 
2016-08-26 17:56:37,239 Adding pn to dictionary
2016-08-26 17:56:37,239 pn:CSMPR50-3.0-K9
2016-08-26 17:56:37,239 pn:CSMST25-3.0-K9
2016-08-26 17:56:37,240 pn:CSMST5-3.0-K9
2016-08-26 17:56:37,240 449
2016-08-26 17:56:37,240 
2016-08-26 17:56:37,240 Title:EOS/EOL for the Discounted Upgrades from CiscoWorks VMS to CSM
2016-08-26 17:56:37,241 Url:https://www.cisco.com/c/en/us/products/collateral/security/security-manager/prod_end-of-life_notice0900aecd806d9ccc.html
2016-08-26 17:56:37,243 Starting new HTTPS connection (1): www.cisco.com
2016-08-26 17:56:38,054 Added to Dates  Table 1. End-of-Life Milestones and Dates for the Discounted Upgrades from CiscoWorks VMS to Cisco Security Manager 
2016-08-26 17:56:38,060 Added to Devices  Table 2. Product Part Numbers Affected by This Announcement 
2016-08-26 17:56:38,064 This page have 1 dv dt pairs
2016-08-26 17:56:38,064 Device title  Table 2. Product Part Numbers Affected by This Announcement 
2016-08-26 17:56:38,066 Assosiate dates title  Table 1. End-of-Life Milestones and Dates for the Discounted Upgrades from CiscoWorks VMS to Cisco Security Manager 
2016-08-26 17:56:38,067 Adding pn to dictionary
2016-08-26 17:56:38,067 pn:VMS-CSMPR-UPG-K9
2016-08-26 17:56:38,067 pn:VMS-CSMST25-UPG-K9
2016-08-26 17:56:38,068 pn:VMS-CSMST5-UPG-K9
2016-08-26 17:56:38,068 452
2016-08-26 17:56:38,068 
2016-08-26 17:56:38,069 Title:End-of-Sale and End-of-Life Announcement for the Cisco Security Manager 4.0
2016-08-26 17:56:38,069 Url:https://www.cisco.com/c/en/us/products/collateral/security/security-manager/eol_C51-728381.html
2016-08-26 17:56:38,072 Starting new HTTPS connection (1): www.cisco.com
2016-08-26 17:56:38,516 Added to Dates  Table 1. End-of-Life Milestones and Dates for the Cisco Security Manager 4.0 
2016-08-26 17:56:38,526 Added to Devices  Table 2. Product Part Numbers Affected by This Announcement 
2016-08-26 17:56:38,531 This page have 1 dv dt pairs
2016-08-26 17:56:38,531 Device title  Table 2. Product Part Numbers Affected by This Announcement 
2016-08-26 17:56:38,532 Assosiate dates title  Table 1. End-of-Life Milestones and Dates for the Cisco Security Manager 4.0 
2016-08-26 17:56:38,533 Adding pn to dictionary
2016-08-26 17:56:38,533 pn:CSMPR50-U-4.0-K9
2016-08-26 17:56:38,534 pn:CSMST25-U-4.0-K9
2016-08-26 17:56:38,534 pn:CSMST5-U-4.0-K9
2016-08-26 17:56:38,534 pn:CSMSTPR-U-4.0-K9
2016-08-26 17:56:38,535 456
2016-08-26 17:56:38,535 
2016-08-26 17:56:38,535 Title:End-of-Sale and End-of-Life Announcement for the Cisco Security Manager 4.1
2016-08-26 17:56:38,535 Url:https://www.cisco.com/c/en/us/products/collateral/security/security-manager/eol_C51-728382.html
2016-08-26 17:56:38,538 Starting new HTTPS connection (1): www.cisco.com
2016-08-26 17:56:39,070 Added to Dates  Table 1. End-of-Life Milestones and Dates for the Cisco Security Manager 4.1 
2016-08-26 17:56:39,114 Added to Devices  Table 2. Product Part Numbers Affected by This Announcement 
2016-08-26 17:56:39,118 This page have 1 dv dt pairs
2016-08-26 17:56:39,119 Device title  Table 2. Product Part Numbers Affected by This Announcement 
2016-08-26 17:56:39,122 Assosiate dates title  Table 1. End-of-Life Milestones and Dates for the Cisco Security Manager 4.1 
2016-08-26 17:56:39,123 Adding pn to dictionary
2016-08-26 17:56:39,124 pn:CSM100-41-W2008ER2
2016-08-26 17:56:39,124 pn:CSM4-UCS1-150-K9
2016-08-26 17:56:39,124 pn:CSM4-UCS1-50-K9
2016-08-26 17:56:39,125 pn:CSMP100-4.1-M-K9
2016-08-26 17:56:39,125 pn:CSMP250-4.1-M-K9
2016-08-26 17:56:39,125 pn:CSMPR100-M-4.1-K9
2016-08-26 17:56:39,126 pn:CSMPR250-M-4.1-K9
2016-08-26 17:56:39,126 pn:CSMPR50-4.1-M-K9
2016-08-26 17:56:39,126 pn:CSMPR50-M-4.1-K9
2016-08-26 17:56:39,126 pn:CSMST10-4.1-M-K9
2016-08-26 17:56:39,127 pn:CSMST10-M-4.1-K9
2016-08-26 17:56:39,127 pn:CSMST25-4.1-M-K9
2016-08-26 17:56:39,127 pn:CSMST25-M-4.1-K9
2016-08-26 17:56:39,128 pn:CSMST5-4.1-M-K9
2016-08-26 17:56:39,128 pn:CSMST5-M-4.1-K9
2016-08-26 17:56:39,128 pn:CSMSTPR-U-4.1-K9
2016-08-26 17:56:39,129 pn:CSMUCS100-41
2016-08-26 17:56:39,129 pn:CSMUCS150-41
2016-08-26 17:56:39,129 pn:L-CSMP100-4.1-M-K9
2016-08-26 17:56:39,129 pn:L-CSMP250-4.1-M-K9
2016-08-26 17:56:39,130 pn:L-CSMPR50-4.1-M-K9
2016-08-26 17:56:39,130 pn:L-CSMST25-4.1-M-K9
2016-08-26 17:56:39,130 pn:L-CSMST25-M-4.1-K9
2016-08-26 17:56:39,130 pn:L-CSMST5-4.1-M-K9
2016-08-26 17:56:39,130 480
2016-08-26 17:56:39,131 
2016-08-26 17:56:39,131 Title:End-of-Sale and End-of-Life Announcement for the Cisco Security Manager 4.1 UCS Bundles
2016-08-26 17:56:39,134 Url:https://www.cisco.com/c/en/us/products/collateral/security/security-manager/eol_C51-718408.html
2016-08-26 17:56:39,138 Starting new HTTPS connection (1): www.cisco.com
2016-08-26 17:56:39,580 Added to Dates  Table 1. End-of-Life Milestones and Dates for the Cisco Security Manager 4.1 UCS Bundles 
2016-08-26 17:56:39,591 Added to Devices  Table 2. Product Part Numbers Affected by This Announcement 
2016-08-26 17:56:39,594 This page have 1 dv dt pairs
2016-08-26 17:56:39,595 Device title  Table 2. Product Part Numbers Affected by This Announcement 
2016-08-26 17:56:39,596 Assosiate dates title  Table 1. End-of-Life Milestones and Dates for the Cisco Security Manager 4.1 UCS Bundles 
2016-08-26 17:56:39,597 Adding pn to dictionary
2016-08-26 17:56:39,597 pn:CSM4-UCS1-150-HW
2016-08-26 17:56:39,597 pn:CSM4-UCS1-150-SW
2016-08-26 17:56:39,598 pn:CSM4-UCS1-50-HW
2016-08-26 17:56:39,598 pn:CSM4-UCS1-50-SW
2016-08-26 17:56:39,599 484
2016-08-26 17:56:39,599 
2016-08-26 17:56:39,599 Title:End-of-Sale and End-of-Life Announcement for the Cisco Security Manager 4.0
2016-08-26 17:56:39,600 Url:https://www.cisco.com/c/en/us/products/collateral/security/security-manager/eol__C51-727061.html
2016-08-26 17:56:39,600 This one was parsed before.Skiping
2016-08-26 17:56:39,600  
2016-08-26 17:56:39,600 Title:End-of-Sale and End-of-Life Announcement for the Cisco Security Manager 4.1
2016-08-26 17:56:39,600 Url:https://www.cisco.com/c/en/us/products/collateral/security/security-manager/eol__C51-727062.html
2016-08-26 17:56:39,601 This one was parsed before.Skiping
2016-08-26 17:56:39,601  
2016-08-26 17:56:39,601 Title:EOL/EOS for the Cisco Security Manager 3.3
2016-08-26 17:56:39,601 Url:https://www.cisco.com/c/en/us/products/collateral/security/security-manager/end_of_life_c51-685719.html
2016-08-26 17:56:39,604 Starting new HTTPS connection (1): www.cisco.com
2016-08-26 17:56:40,079 Added to Dates  Table 1. End-of-Life Milestones and Dates for the Cisco Security Manager 3.3 
2016-08-26 17:56:40,094 Added to Devices  Table 2. Product Part Numbers Affected by This Announcement 
2016-08-26 17:56:40,098 This page have 1 dv dt pairs
2016-08-26 17:56:40,098 Device title  Table 2. Product Part Numbers Affected by This Announcement 
2016-08-26 17:56:40,100 Assosiate dates title  Table 1. End-of-Life Milestones and Dates for the Cisco Security Manager 3.3 
2016-08-26 17:56:40,101 Adding pn to dictionary
2016-08-26 17:56:40,101 pn:CSMPR50-3.3-K9
2016-08-26 17:56:40,101 pn:CSMPR50-3.3-MR-K9
2016-08-26 17:56:40,102 pn:CSMST-PR-U-3.3-K9
2016-08-26 17:56:40,102 pn:CSMST25-3.3-K9
2016-08-26 17:56:40,102 pn:CSMST25-3.3-MR-K9
2016-08-26 17:56:40,103 pn:CSMST5-3.3-K9
2016-08-26 17:56:40,103 pn:CSMST5-3.3-MR-K9
2016-08-26 17:56:40,104 491
2016-08-26 17:56:40,104 
2016-08-26 17:56:40,104 Title:EOL/EOS for the Cisco Security Manager 3.1
2016-08-26 17:56:40,104 Url:https://www.cisco.com/c/en/us/products/collateral/security/security-manager/end_of_life_notice_c51-468318.html
2016-08-26 17:56:40,107 Starting new HTTPS connection (1): www.cisco.com
2016-08-26 17:56:40,560 Added to Dates  Table 1. End-of-Life Milestones and Dates for the Cisco Security Manager 3.1 
2016-08-26 17:56:40,572 Added to Devices  Table 2. Product Part Numbers Affected by This Announcement 
2016-08-26 17:56:40,576 This page have 1 dv dt pairs
2016-08-26 17:56:40,576 Device title  Table 2. Product Part Numbers Affected by This Announcement 
2016-08-26 17:56:40,578 Assosiate dates title  Table 1. End-of-Life Milestones and Dates for the Cisco Security Manager 3.1 
2016-08-26 17:56:40,579 Adding pn to dictionary
2016-08-26 17:56:40,580 pn:CSMPR50-3.1-K9
2016-08-26 17:56:40,580 pn:CSMPR50-3.1-MR-K9
2016-08-26 17:56:40,580 pn:CSMST-CSMPR-UPG-K9
2016-08-26 17:56:40,580 pn:CSMST25-3.1-K9
2016-08-26 17:56:40,581 pn:CSMST25-3.1-MR-K9
2016-08-26 17:56:40,581 pn:CSMST5-3.1-K9
2016-08-26 17:56:40,581 pn:CSMST5-3.1-MR-K9
2016-08-26 17:56:40,582 498
2016-08-26 17:56:40,582 
2016-08-26 17:56:40,582 Title:EOL/EOS for the Cisco Security Manager Incremental 500- and 1,000-Device Licenses
2016-08-26 17:56:40,583 Url:https://www.cisco.com/c/en/us/products/collateral/security/security-manager/end_of_life_c51-635838.html
2016-08-26 17:56:40,586 Starting new HTTPS connection (1): www.cisco.com
2016-08-26 17:56:41,019 Added to Dates  Table 1. End-of-Life Milestones and Dates for the Cisco Security Manager Incremental 500- and 1,000-Device Licenses 
2016-08-26 17:56:41,030 Added to Devices  Table 2. Product Part Numbers Affected by This Announcement 
2016-08-26 17:56:41,033 This page have 1 dv dt pairs
2016-08-26 17:56:41,034 Device title  Table 2. Product Part Numbers Affected by This Announcement 
2016-08-26 17:56:41,035 Assosiate dates title  Table 1. End-of-Life Milestones and Dates for the Cisco Security Manager Incremental 500- and 1,000-Device Licenses 
2016-08-26 17:56:41,036 Adding pn to dictionary
2016-08-26 17:56:41,036 pn:CSMPR-LIC-1000
2016-08-26 17:56:41,036 pn:CSMPR-LIC-500
2016-08-26 17:56:41,037 500
2016-08-26 17:56:41,037 
2016-08-26 17:56:41,038 Title:EOL/EOS for the Cisco Security Manager 3.2
2016-08-26 17:56:41,038 Url:https://www.cisco.com/c/en/us/products/collateral/security/security-manager/end_of_life_c51-630456.html
2016-08-26 17:56:41,041 Starting new HTTPS connection (1): www.cisco.com
2016-08-26 17:56:41,478 Added to Dates  Table 1. End-of-Life Milestones and Dates for the Cisco Security Manager 3.2 
2016-08-26 17:56:41,497 Added to Devices  Table 2. Product Part Numbers Affected by This Announcement 
2016-08-26 17:56:41,501 This page have 1 dv dt pairs
2016-08-26 17:56:41,501 Device title  Table 2. Product Part Numbers Affected by This Announcement 
2016-08-26 17:56:41,503 Assosiate dates title  Table 1. End-of-Life Milestones and Dates for the Cisco Security Manager 3.2 
2016-08-26 17:56:41,506 Adding pn to dictionary
2016-08-26 17:56:41,506 pn:CSMPR50-3.2-K9
2016-08-26 17:56:41,506 pn:CSMPR50-3.2-MR-K9
2016-08-26 17:56:41,507 pn:CSMST-PR-U-3.2-K9
2016-08-26 17:56:41,507 pn:CSMST25-3.2-K9
2016-08-26 17:56:41,507 pn:CSMST25-3.2-MR-K9
2016-08-26 17:56:41,508 pn:CSMST5-3.2-K9
2016-08-26 17:56:41,508 pn:CSMST5-3.2-MR-K9
2016-08-26 17:56:41,509 507
2016-08-26 17:56:41,509 
2016-08-26 17:56:41,509 Title:End-of-Sale and End-of-Life Announcement for the Cisco Security Manager 4.2
2016-08-26 17:56:41,509 Url:https://www.cisco.com/c/en/us/products/collateral/security/security-manager/eos-eol-notice-c51-733191.html
2016-08-26 17:56:41,512 Starting new HTTPS connection (1): www.cisco.com
2016-08-26 17:56:42,010 Added to Dates Table 1. End-of-Life Milestones and Dates for the Cisco Security Manager 4.2
2016-08-26 17:56:42,056 Added to Devices Table 2. Product Part Numbers Affected by This Announcement
2016-08-26 17:56:42,060 This page have 1 dv dt pairs
2016-08-26 17:56:42,060 Device title Table 2. Product Part Numbers Affected by This Announcement
2016-08-26 17:56:42,063 Assosiate dates title Table 1. End-of-Life Milestones and Dates for the Cisco Security Manager 4.2
2016-08-26 17:56:42,064 Adding pn to dictionary
2016-08-26 17:56:42,064 pn:CSMP100-4.2-M-K9
2016-08-26 17:56:42,065 pn:CSMP250-4.2-M-K9
2016-08-26 17:56:42,065 pn:CSMPR100-4.2-K9
2016-08-26 17:56:42,065 pn:CSMPR250-4.2-K9
2016-08-26 17:56:42,066 pn:CSMPR50-4.2-K9
2016-08-26 17:56:42,066 pn:CSMPR50-4.2-M-K9
2016-08-26 17:56:42,066 pn:CSMPR50-U-4.2-K9
2016-08-26 17:56:42,066 pn:CSMST10-4.2-K9
2016-08-26 17:56:42,067 pn:CSMST10-4.2-M-K9
2016-08-26 17:56:42,067 pn:CSMST25-4.2-K9
2016-08-26 17:56:42,067 pn:CSMST25-4.2-M-K9
2016-08-26 17:56:42,068 pn:CSMST25-U-4.2-K9
2016-08-26 17:56:42,068 pn:CSMST5-4.2-K9
2016-08-26 17:56:42,068 pn:CSMST5-4.2-M-K9
2016-08-26 17:56:42,068 pn:CSMST5-U-4.2-K9
2016-08-26 17:56:42,068 pn:CSMSTPR-U-4.2-K9
2016-08-26 17:56:42,069 pn:L-CSMP100-4.2-M-K9
2016-08-26 17:56:42,069 pn:L-CSMP250-4.2-M-K9
2016-08-26 17:56:42,069 pn:L-CSMPR100-4.2-K9
2016-08-26 17:56:42,069 pn:L-CSMPR250-4.2-K9
2016-08-26 17:56:42,069 pn:L-CSMPR50-4.2-K9
2016-08-26 17:56:42,070 pn:L-CSMPR50-4.2-M-K9
2016-08-26 17:56:42,070 pn:L-CSMPR50-U-4.2-K9
2016-08-26 17:56:42,073 pn:L-CSMST10-4.2-K9
2016-08-26 17:56:42,073 pn:L-CSMST10-4.2-M-K9
2016-08-26 17:56:42,073 pn:L-CSMST25-4.2-K9
2016-08-26 17:56:42,073 pn:L-CSMST25-4.2-M-K9
2016-08-26 17:56:42,074 pn:L-CSMST25-U-4.2-K9
2016-08-26 17:56:42,074 pn:L-CSMST5-4.2-K9
2016-08-26 17:56:42,074 pn:L-CSMST5-4.2-M-K9
2016-08-26 17:56:42,080 pn:L-CSMST5-U-4.2-K9
2016-08-26 17:56:42,080 pn:L-CSMSTPR-U-4.2-K9
2016-08-26 17:56:42,081 539
2016-08-26 17:56:42,081 
2016-08-26 17:56:42,081 Parsing Cisco Cloud Access Security
2016-08-26 17:56:42,084 Starting new HTTPS connection (1): www.cisco.com
2016-08-26 17:56:42,529 No End-of-Sale for Cisco Cloud Access Security
2016-08-26 17:56:42,530  
2016-08-26 17:56:42,530 Parsing Cisco Cloud Web Security
2016-08-26 17:56:42,532 Starting new HTTPS connection (1): www.cisco.com
2016-08-26 17:56:42,975 No End-of-Sale for Cisco Cloud Web Security
2016-08-26 17:56:42,975  
2016-08-26 17:56:42,976 Parsing Cisco Cognitive Threat Analytics
2016-08-26 17:56:42,978 Starting new HTTPS connection (1): www.cisco.com
2016-08-26 17:56:43,383 No End-of-Sale for Cisco Cognitive Threat Analytics
2016-08-26 17:56:43,384  
2016-08-26 17:56:43,384 Parsing Cisco Web Security Appliance
2016-08-26 17:56:43,387 Starting new HTTPS connection (1): www.cisco.com
2016-08-26 17:56:43,845 Found some End-of-Sale listing
2016-08-26 17:56:43,845 url:https://www.cisco.com/c/en/us/products/security/web-security-appliance/eos-eol-notice-listing.html
2016-08-26 17:56:43,847 Starting new HTTPS connection (1): www.cisco.com
2016-08-26 17:56:44,257 Title:End-of-Sale and End-of-Life Announcement for the Cisco x170 and x80 Email, Web, and Content Security Management Hardware Appliances
2016-08-26 17:56:44,258 Url:https://www.cisco.com/c/en/us/products/collateral/security/web-security-appliance/eos-eol-notice-c51-737103.html
2016-08-26 17:56:44,258 This one was parsed before.Skiping
2016-08-26 17:56:44,258  
2016-08-26 17:56:44,259 Title:End-of-Sale and End-of-Life Announcement for the Cisco x170 and x80 Email, Web, and Content Security Management Accessories
2016-08-26 17:56:44,259 Url:https://www.cisco.com/c/en/us/products/collateral/security/web-security-appliance/eos-eol-notice-c51-737158.html
2016-08-26 17:56:44,259 This one was parsed before.Skiping
2016-08-26 17:56:44,260  
2016-08-26 17:56:44,260 Title:Cisco AsyncOS version 8.8.x for Cisco Web Security Appliance
2016-08-26 17:56:44,260 Url:https://www.cisco.com/c/en/us/products/collateral/security/web-security-appliance/eos-eol-notice-c51-736320.html
2016-08-26 17:56:44,263 Starting new HTTPS connection (1): www.cisco.com
2016-08-26 17:56:44,709 Cant parse dates
2016-08-26 17:56:44,710 url:https://www.cisco.com/c/en/us/products/collateral/security/web-security-appliance/eos-eol-notice-c51-736320.html
2016-08-26 17:56:44,710 Title:Cisco AsyncOS version 8.6.x and 8.7.x for Cisco Web Security Appliance
2016-08-26 17:56:44,711 Url:https://www.cisco.com/c/en/us/products/collateral/security/web-security-appliance/eos-eol-notice-c51-736319.html
2016-08-26 17:56:44,713 Starting new HTTPS connection (1): www.cisco.com
2016-08-26 17:56:45,225 Cant parse dates
2016-08-26 17:56:45,226 url:https://www.cisco.com/c/en/us/products/collateral/security/web-security-appliance/eos-eol-notice-c51-736319.html
2016-08-26 17:56:45,226 Title:End-of-Sale and End-of-Life Announcement for the AsyncOS 7.5.x for the Cisco Web Security Appliance
2016-08-26 17:56:45,226 Url:https://www.cisco.com/c/en/us/products/collateral/security/web-security-appliance/eos-eol-notice-c51-735502.html
2016-08-26 17:56:45,230 Starting new HTTPS connection (1): www.cisco.com
2016-08-26 17:56:45,669 Added to Dates Table 1.       End-of-Life Milestones and Dates for the AsyncOS 7.5.x for the Cisco Web Security Appliance
2016-08-26 17:56:45,676 Added to Devices Table 2.       Product Part Numbers Affected by This Announcement
2016-08-26 17:56:45,680 This page have 1 dv dt pairs
2016-08-26 17:56:45,681 Device title Table 2.       Product Part Numbers Affected by This Announcement
2016-08-26 17:56:45,681 Assosiate dates title Table 1.       End-of-Life Milestones and Dates for the AsyncOS 7.5.x for the Cisco Web Security Appliance
2016-08-26 17:56:45,682 Adding pn to dictionary
2016-08-26 17:56:45,683 pn:SF-WSA-7.5.0-K9
2016-08-26 17:56:45,683 pn:SF-WSA-7.5.1-K9
2016-08-26 17:56:45,683 pn:SF-WSA-7.5.2-K9
2016-08-26 17:56:45,683 542
2016-08-26 17:56:45,684 
2016-08-26 17:56:45,684 Title:End-of-Sale and End-of-Life Announcement for the AsyncOS 7.1.x for Cisco Web Security Appliance
2016-08-26 17:56:45,684 Url:https://www.cisco.com/c/en/us/products/collateral/security/web-security-appliance/eos-eol-notice-c51-731040.html
2016-08-26 17:56:45,687 Starting new HTTPS connection (1): www.cisco.com
2016-08-26 17:56:46,140 Added to Dates Table 1.       End-of-Life Milestones and Dates for the AsyncOS 7.1.x for Cisco Web Security Appliance
2016-08-26 17:56:46,145 Added to Devices Table 2.       Product Part Numbers Affected by This Announcement
2016-08-26 17:56:46,149 This page have 1 dv dt pairs
2016-08-26 17:56:46,149 Device title Table 2.       Product Part Numbers Affected by This Announcement
2016-08-26 17:56:46,150 Assosiate dates title Table 1.       End-of-Life Milestones and Dates for the AsyncOS 7.1.x for Cisco Web Security Appliance
2016-08-26 17:56:46,151 Adding pn to dictionary
2016-08-26 17:56:46,151 pn:SF-WSA-7.1.3-K9
2016-08-26 17:56:46,151 pn:SF-WSA-7.1.4-K9
2016-08-26 17:56:46,152 544
2016-08-26 17:56:46,152 
2016-08-26 17:56:46,152 Title:End-of-Sale and End-of-Life Announcement for the Cisco Content Security Management Appliance Advanced Web Management Reporting License
2016-08-26 17:56:46,153 Url:https://www.cisco.com/c/en/us/products/collateral/security/web-security-appliance/eos-eol-notice-C51-734983.html
2016-08-26 17:56:46,155 Starting new HTTPS connection (1): www.cisco.com
2016-08-26 17:56:46,594 Added to Dates Table 1.       End-of-Life Milestones and Dates for the Cisco Content Security Management Appliance Advanced Web Management Reporting License
2016-08-26 17:56:46,600 Added to Devices Table 2.       Product Part Numbers Affected by This Announcement
2016-08-26 17:56:46,604 This page have 1 dv dt pairs
2016-08-26 17:56:46,604 Device title Table 2.       Product Part Numbers Affected by This Announcement
2016-08-26 17:56:46,605 Assosiate dates title Table 1.       End-of-Life Milestones and Dates for the Cisco Content Security Management Appliance Advanced Web Management Reporting License
2016-08-26 17:56:46,606 Adding pn to dictionary
2016-08-26 17:56:46,607 pn:SMA-WSPL-LIC=
2016-08-26 17:56:46,607 545
2016-08-26 17:56:46,607 
2016-08-26 17:56:46,607 Title:End-of-Sale and End-of-Life Announcement for the AsyncOS 8.0.x for Cisco Web Security Appliance
2016-08-26 17:56:46,608 Url:https://www.cisco.com/c/en/us/products/collateral/security/web-security-appliance/eos-eol-notice-c51-734985.html
2016-08-26 17:56:46,612 Starting new HTTPS connection (1): www.cisco.com
2016-08-26 17:56:47,051 Added to Dates Table 1.       End-of-Life Milestones and Dates for the  AsyncOS 8.0.x for Cisco Web Security Appliance
2016-08-26 17:56:47,056 Added to Devices Table 2.       Product Part Numbers Affected by This Announcement
2016-08-26 17:56:47,059 This page have 1 dv dt pairs
2016-08-26 17:56:47,060 Device title Table 2.       Product Part Numbers Affected by This Announcement
2016-08-26 17:56:47,060 Assosiate dates title Table 1.       End-of-Life Milestones and Dates for the  AsyncOS 8.0.x for Cisco Web Security Appliance
2016-08-26 17:56:47,062 Adding pn to dictionary
2016-08-26 17:56:47,062 pn:SF-WSA-8.0.6-K9
2016-08-26 17:56:47,062 546
2016-08-26 17:56:47,063 
2016-08-26 17:56:47,063 Title:End-of-Sale and End-of-Life Announcement for the AsyncOS 7.7x for Cisco Web Security Appliance
2016-08-26 17:56:47,063 Url:https://www.cisco.com/c/en/us/products/collateral/security/web-security-appliance/eos-eol-notice-C51-734984.html
2016-08-26 17:56:47,066 Starting new HTTPS connection (1): www.cisco.com
2016-08-26 17:56:47,500 Added to Dates Table 1.       End-of-Life Milestones and Dates for the  AsyncOS 7.7x for Cisco Web Security Appliance
2016-08-26 17:56:47,504 Added to Devices Table 2.       Product Part Numbers Affected by This Announcement
2016-08-26 17:56:47,508 This page have 1 dv dt pairs
2016-08-26 17:56:47,508 Device title Table 2.       Product Part Numbers Affected by This Announcement
2016-08-26 17:56:47,509 Assosiate dates title Table 1.       End-of-Life Milestones and Dates for the  AsyncOS 7.7x for Cisco Web Security Appliance
2016-08-26 17:56:47,510 Adding pn to dictionary
2016-08-26 17:56:47,510 pn:SF-WSA-7.7.0-K9
2016-08-26 17:56:47,511 547
2016-08-26 17:56:47,511 
2016-08-26 17:56:47,511 Title:End-of-Sale and End-of-Life Announcement for the Cisco Email, Web, and Security Management x70 Appliances
2016-08-26 17:56:47,512 Url:https://www.cisco.com/c/en/us/products/collateral/security/email-security-appliance/eos-eol-notice-c51-730832.html
2016-08-26 17:56:47,512 This one was parsed before.Skiping
2016-08-26 17:56:47,512  
2016-08-26 17:56:47,513 Title:End-of-Sale and End-of-Life Announcement for the Cisco Email, Web, and Security Management x70 Accessories
2016-08-26 17:56:47,513 Url:https://www.cisco.com/c/en/us/products/collateral/security/email-security-appliance/eos-eol-notice-c51-730835.html
2016-08-26 17:56:47,514 This one was parsed before.Skiping
2016-08-26 17:56:47,514  
2016-08-26 17:56:47,514 dictionary length: 547
2016-08-26 17:56:47,515 Execution time:0:00:54.131413
2016-08-26 17:56:47,515 547
